2020-04-14T16:45:25.351Z [info] [app/components/list-item/base.js]: SUCCESS
2020-04-14T16:45:25.396Z [info] [app/routes/account/employees/forms.js]: SUCCESS
2020-04-14T16:45:25.467Z [info] [app/controllers/account/employees/add/new.js]: SUCCESS
2020-04-14T16:45:25.556Z [warn] [app/components/modals/static-content.js]: SKIPPED Could not find runtime data NO_RUNTIME_DATA
2020-04-14T16:45:25.864Z [info] [app/adapters/session.js]: SUCCESS
2020-04-14T16:45:26.016Z [warn] [app/components/display/employee-picture.js]: FAILURE 
Validation errors: 
	[src]: Transform not supported - value has modifiers like 'property' or 'meta'
2020-04-14T16:45:26.029Z [info] [app/models/session.js]: SUCCESS
2020-04-14T16:45:26.228Z [info] [app/serializers/event.js]: SUCCESS
2020-04-14T16:45:26.239Z [warn] [app/helpers/format-phone.js]: SKIPPED Could not find runtime data NO_RUNTIME_DATA
2020-04-14T16:45:26.339Z [info] [app/routes/account/index.js]: SUCCESS
2020-04-14T16:45:26.463Z [info] [app/controllers/account/documents/new.js]: SUCCESS
2020-04-14T16:45:26.226Z [info] [app/models/template-definition.js]: SUCCESS
2020-04-14T16:45:26.292Z [info] [app/models/result-set.js]: SUCCESS
2020-04-14T16:45:26.391Z [info] [app/models/task-status.js]: SUCCESS
2020-04-14T16:45:26.490Z [info] [app/models/template.js]: SUCCESS
2020-04-14T16:45:26.733Z [info] [app/routes/catchall.js]: SUCCESS
2020-04-14T16:45:26.790Z [info] [app/routes/about.js]: SUCCESS
2020-04-14T16:45:26.937Z [warn] [app/routes/application.js]: FAILURE 
Validation errors: 
	[error]: Transform not supported - calling the passed action would cause an infinite loop. See https://github.com/scalvert/eslint-plugin-ember-es6-class/pull/2 for more details
2020-04-14T16:45:27.040Z [info] [app/routes/error.js]: SUCCESS
2020-04-14T16:45:27.072Z [info] [app/routes/contact.js]: SUCCESS
2020-04-14T16:45:27.114Z [info] [app/routes/index.js]: SUCCESS
2020-04-14T16:45:27.147Z [info] [app/routes/login.js]: SUCCESS
2020-04-14T16:45:27.175Z [info] [app/routes/not-found.js]: SUCCESS
2020-04-14T16:45:27.205Z [info] [app/routes/pricing.js]: SUCCESS
2020-04-14T16:45:27.255Z [info] [app/routes/our-product.js]: SUCCESS
2020-04-14T16:45:27.324Z [info] [app/routes/setup-account.js]: SUCCESS
2020-04-14T16:45:27.390Z [info] [app/routes/setup.js]: SUCCESS
2020-04-14T16:45:27.419Z [info] [app/routes/recover.js]: SUCCESS
2020-04-14T16:45:27.439Z [info] [app/routes/shared.js]: SUCCESS
2020-04-14T16:45:27.470Z [info] [app/routes/signup.js]: SUCCESS
2020-04-14T16:45:27.488Z [info] [app/routes/terms-of-service.js]: SUCCESS
2020-04-14T16:45:27.508Z [info] [app/routes/unauthorized.js]: SUCCESS
2020-04-14T16:45:27.530Z [warn] [app/instance-initializer/rsvp-error-handler.js]: SKIPPED Could not find runtime data NO_RUNTIME_DATA
2020-04-14T16:45:27.556Z [info] [app/routes/vogue.js]: SUCCESS
2020-04-14T16:45:27.695Z [warn] [app/mixins/ajax-status.js]: SKIPPED Could not find runtime data NO_RUNTIME_DATA
2020-04-14T16:45:27.741Z [warn] [app/mixins/authenticated.js]: SKIPPED Could not find runtime data NO_RUNTIME_DATA
2020-04-14T16:45:27.756Z [warn] [app/initializers/analytics.js]: SKIPPED Could not find runtime data NO_RUNTIME_DATA
2020-04-14T16:45:27.847Z [warn] [app/mixins/file-handling.js]: SKIPPED Could not find runtime data NO_RUNTIME_DATA
2020-04-14T16:45:27.869Z [warn] [app/mixins/refreshable.js]: SKIPPED Could not find runtime data NO_RUNTIME_DATA
2020-04-14T16:45:27.899Z [warn] [app/mixins/modal-support.js]: SKIPPED Could not find runtime data NO_RUNTIME_DATA
2020-04-14T16:45:27.926Z [warn] [app/initializers/auth.js]: SKIPPED Could not find runtime data NO_RUNTIME_DATA
2020-04-14T16:45:27.949Z [warn] [app/serializers/activity.js]: FAILURE 
Validation errors: 
	[attrs]: Transform not supported - value is of type object. For more details: eslint-plugin-ember/avoid-leaking-state-in-ember-objects
2020-04-14T16:45:27.967Z [warn] [app/serializers/action-item.js]: FAILURE 
Validation errors: 
	[attrs]: Transform not supported - value is of type object. For more details: eslint-plugin-ember/avoid-leaking-state-in-ember-objects
2020-04-14T16:45:27.992Z [warn] [app/initializers/handle-deprecation-warnings.js]: SKIPPED Could not find runtime data NO_RUNTIME_DATA
2020-04-14T16:45:28.024Z [info] [app/serializers/applicant.js]: SUCCESS
2020-04-14T16:45:28.060Z [info] [app/serializers/asset.js]: SUCCESS
2020-04-14T16:45:28.085Z [info] [app/serializers/application.js]: SUCCESS
2020-04-14T16:45:28.110Z [info] [app/serializers/asset-assignment.js]: SUCCESS
2020-04-14T16:45:28.130Z [warn] [app/serializers/certification.js]: FAILURE 
Validation errors: 
	[attrs]: Transform not supported - value is of type object. For more details: eslint-plugin-ember/avoid-leaking-state-in-ember-objects
2020-04-14T16:45:28.183Z [warn] [app/serializers/company.js]: FAILURE 
Validation errors: 
	[attrs]: Transform not supported - value is of type object. For more details: eslint-plugin-ember/avoid-leaking-state-in-ember-objects
2020-04-14T16:45:28.200Z [warn] [app/serializers/asset-item.js]: FAILURE 
Validation errors: 
	[attrs]: Transform not supported - value is of type object. For more details: eslint-plugin-ember/avoid-leaking-state-in-ember-objects
2020-04-14T16:45:28.221Z [info] [app/serializers/change.js]: SUCCESS
2020-04-14T16:45:28.258Z [info] [app/serializers/company-user.js]: SUCCESS
2020-04-14T16:45:28.304Z [warn] [app/serializers/corrective-action.js]: FAILURE 
Validation errors: 
	[attrs]: Transform not supported - value is of type object. For more details: eslint-plugin-ember/avoid-leaking-state-in-ember-objects
2020-04-14T16:45:28.323Z [info] [app/serializers/employee-issue.js]: SUCCESS
2020-04-14T16:45:28.342Z [info] [app/serializers/department.js]: SUCCESS
2020-04-14T16:45:25.469Z [info] [app/components/list-item/certification-item.js]: SUCCESS
2020-04-14T16:45:25.638Z [warn] [app/components/list-item/asset-stock-item.js]: FAILURE 
Validation errors: 
	[toggleProperty]: Transform not supported - action name matches one of the lifecycle hooks. Rename and try again. See https://github.com/scalvert/ember-native-class-codemod/issues/34 for more details
	[toggleProperty]: Transform not supported - calling the passed action would cause an infinite loop. See https://github.com/scalvert/eslint-plugin-ember-es6-class/pull/2 for more details
2020-04-14T16:45:25.751Z [warn] [app/components/list-item/assigned-asset-item.js]: FAILURE 
Validation errors: 
	[toggleProperty]: Transform not supported - action name matches one of the lifecycle hooks. Rename and try again. See https://github.com/scalvert/ember-native-class-codemod/issues/34 for more details
	[toggleProperty]: Transform not supported - calling the passed action would cause an infinite loop. See https://github.com/scalvert/eslint-plugin-ember-es6-class/pull/2 for more details
2020-04-14T16:45:25.856Z [info] [app/components/list-item/change-item.js]: SUCCESS
2020-04-14T16:45:25.913Z [info] [app/components/list-item/corrective-action-followup.js]: SUCCESS
2020-04-14T16:45:25.977Z [info] [app/components/list-item/comment-item.js]: SUCCESS
2020-04-14T16:45:26.009Z [warn] [app/components/list-item/department-item.js]: FAILURE 
Validation errors: 
	[toggleProperty]: Transform not supported - action name matches one of the lifecycle hooks. Rename and try again. See https://github.com/scalvert/ember-native-class-codemod/issues/34 for more details
	[toggleProperty]: Transform not supported - calling the passed action would cause an infinite loop. See https://github.com/scalvert/eslint-plugin-ember-es6-class/pull/2 for more details
2020-04-14T16:45:26.053Z [warn] [app/components/list-item/document-item.js]: FAILURE 
Validation errors: 
	[imagePreview]: Transform not supported - value has modifiers like 'property' or 'meta'
2020-04-14T16:45:26.163Z [info] [app/components/list-item/dry-run-employee.js]: SUCCESS
2020-04-14T16:45:26.241Z [warn] [app/components/list-item/document-assignment.js]: SKIPPED Could not find runtime data NO_RUNTIME_DATA
2020-04-14T16:45:26.271Z [warn] [app/components/list-item/document-suggestion.js]: SKIPPED Could not find runtime data NO_RUNTIME_DATA
2020-04-14T16:45:26.312Z [info] [app/components/list-item/employee-issue-item.js]: SUCCESS
2020-04-14T16:45:26.349Z [warn] [app/components/list-item/document-option.js]: SKIPPED Could not find runtime data NO_RUNTIME_DATA
2020-04-14T16:45:26.432Z [info] [app/components/list-item/event-item.js]: SUCCESS
2020-04-14T16:45:26.556Z [warn] [app/components/list-item/employee-document-item.js]: FAILURE 
Validation errors: 
	[imagePreview]: Transform not supported - value has modifiers like 'property' or 'meta'
2020-04-14T16:45:26.610Z [info] [app/components/list-item/employee-item.js]: SUCCESS
2020-04-14T16:45:26.631Z [info] [app/components/list-item/form-group-item.js]: SUCCESS
2020-04-14T16:45:26.714Z [info] [app/components/list-item/file-assignment.js]: SUCCESS
2020-04-14T16:45:26.820Z [warn] [app/components/list-item/history-group.js]: FAILURE 
Validation errors: 
	[oneOperationInDay]: Transform not supported - value has modifiers like 'property' or 'meta'
2020-04-14T16:45:26.843Z [info] [app/components/list-item/history-item.js]: SUCCESS
2020-04-14T16:45:26.887Z [info] [app/components/list-item/form-item.js]: SUCCESS
2020-04-14T16:45:26.956Z [info] [app/components/list-item/invoice-payment-method.js]: SUCCESS
2020-04-14T16:45:27.024Z [info] [app/components/list-item/job-opening-item.js]: SUCCESS
2020-04-14T16:45:27.042Z [info] [app/components/list-item/job-item.js]: SUCCESS
2020-04-14T16:45:27.078Z [warn] [app/components/list-item/location-item.js]: FAILURE 
Validation errors: 
	[toggleProperty]: Transform not supported - action name matches one of the lifecycle hooks. Rename and try again. See https://github.com/scalvert/ember-native-class-codemod/issues/34 for more details
	[toggleProperty]: Transform not supported - calling the passed action would cause an infinite loop. See https://github.com/scalvert/eslint-plugin-ember-es6-class/pull/2 for more details
2020-04-14T16:45:27.103Z [info] [app/components/list-item/participant.js]: SUCCESS
2020-04-14T16:45:27.161Z [warn] [app/components/list-item/message-thread.js]: FAILURE 
Validation errors: 
	[lastMsg]: Transform not supported - value has modifiers like 'property' or 'meta'
2020-04-14T16:45:27.232Z [info] [app/components/list-item/new-import-record-item.js]: SUCCESS
2020-04-14T16:45:27.271Z [info] [app/components/list-item/settings-lists-item.js]: SUCCESS
2020-04-14T16:45:27.295Z [info] [app/components/list-item/settings-lists-label.js]: SUCCESS
2020-04-14T16:45:27.391Z [warn] [app/components/list-item/talent-pool-applicant.js]: FAILURE 
Validation errors: 
	[_model]: Transform not supported - value has modifiers like 'property' or 'meta'
	[_meta]: Transform not supported - need option '--decorators=true' or the property type CallExpression can not be transformed
	[_meta]: Transform not supported - value has modifiers like 'property' or 'meta'
	[firstIsLastApp]: Transform not supported - value has modifiers like 'property' or 'meta'
2020-04-14T16:45:27.428Z [info] [app/components/list-item/pending-applicant.js]: SUCCESS
2020-04-14T16:45:27.515Z [info] [app/components/list-item/todo-item.js]: SUCCESS
2020-04-14T16:45:27.551Z [warn] [app/components/list-item/training-assignment.js]: SKIPPED Could not find runtime data NO_RUNTIME_DATA
2020-04-14T16:45:27.603Z [info] [app/components/list-item/unapplied-change.js]: SUCCESS
2020-04-14T16:45:27.669Z [info] [app/components/messaging/message-item.js]: SUCCESS
2020-04-14T16:45:27.737Z [warn] [app/components/messaging/message-thread.js]: FAILURE 
Validation errors: 
	[fileData]: Transform not supported - value is of type object. For more details: eslint-plugin-ember/avoid-leaking-state-in-ember-objects
2020-04-14T16:45:27.847Z [info] [app/components/messaging/messages-pane.js]: SUCCESS
2020-04-14T16:45:28.014Z [info] [app/components/list-item/user-item.js]: SUCCESS
2020-04-14T16:45:28.057Z [warn] [app/components/modals/add-notes.js]: SKIPPED Could not find runtime data NO_RUNTIME_DATA
2020-04-14T16:45:28.104Z [info] [app/components/messaging/thread-participant.js]: SUCCESS
2020-04-14T16:45:28.261Z [info] [app/components/modals/ats-add-applicant.js]: SUCCESS
2020-04-14T16:45:28.326Z [info] [app/components/list-item/employee-corrective-action-item.js]: SUCCESS
2020-04-14T16:45:28.409Z [info] [app/components/modals/ats-add-label.js]: SUCCESS
2020-04-14T16:45:28.504Z [info] [app/components/modals/ats-close-job-opening.js]: SUCCESS
2020-04-14T16:45:25.862Z [warn] [app/components/modals/form-creator.js]: SKIPPED Could not find runtime data NO_RUNTIME_DATA
2020-04-14T16:45:25.989Z [warn] [app/components/modals/ats-link-sharing.js]: SKIPPED Could not find runtime data NO_RUNTIME_DATA
2020-04-14T16:45:26.017Z [warn] [app/components/modals/ats-scheduler.js]: SKIPPED Could not find runtime data NO_RUNTIME_DATA
2020-04-14T16:45:26.064Z [warn] [app/components/modals/upload-document.js]: SKIPPED Could not find runtime data NO_RUNTIME_DATA
2020-04-14T16:45:26.078Z [warn] [app/components/modals/update-payment-method.js]: SKIPPED Could not find runtime data NO_RUNTIME_DATA
2020-04-14T16:45:26.114Z [warn] [app/components/modals/view-form-response.js]: SKIPPED Could not find runtime data NO_RUNTIME_DATA
2020-04-14T16:45:26.186Z [warn] [app/components/modals/index.js]: SKIPPED Could not find runtime data NO_RUNTIME_DATA
2020-04-14T16:45:26.334Z [warn] [app/components/search/result-item.js]: FAILURE 
Validation errors: 
	[modelName]: Transform not supported - need option '--decorators=true' or the property type CallExpression can not be transformed
	[modelName]: Transform not supported - value has modifiers like 'property' or 'meta'
	[isEmployee]: Transform not supported - value has modifiers like 'property' or 'meta'
2020-04-14T16:45:26.410Z [info] [app/components/sg/sg-color.js]: SUCCESS
2020-04-14T16:45:26.530Z [info] [app/components/sg/sg-section.js]: SUCCESS
2020-04-14T16:45:26.595Z [info] [app/components/timeline/event-timeline.js]: SUCCESS
2020-04-14T16:45:26.882Z [warn] [app/components/visualizations/organization-tree.js]: FAILURE 
Validation errors: 
	[margin]: Transform not supported - value is of type object. For more details: eslint-plugin-ember/avoid-leaking-state-in-ember-objects
2020-04-14T16:45:26.907Z [warn] [app/components/tables/custom-field.js]: SKIPPED Could not find runtime data NO_RUNTIME_DATA
2020-04-14T16:45:27.008Z [info] [app/components/search/suggestion-input.js]: SUCCESS
2020-04-14T16:45:27.060Z [warn] [app/config/forms/educate-add.js]: SKIPPED Could not find runtime data NO_RUNTIME_DATA
2020-04-14T16:45:27.099Z [warn] [app/config/forms/eeo.js]: SKIPPED Could not find runtime data NO_RUNTIME_DATA
2020-04-14T16:45:27.115Z [warn] [app/config/forms/lists.js]: SKIPPED Could not find runtime data NO_RUNTIME_DATA
2020-04-14T16:45:27.213Z [warn] [app/controllers/account/document.js]: FAILURE 
Validation errors: 
	[imagePreview]: Transform not supported - value has modifiers like 'property' or 'meta'
2020-04-14T16:45:27.414Z [warn] [app/components/visualizations/reorganization-tree.js]: SKIPPED Could not find runtime data NO_RUNTIME_DATA
2020-04-14T16:45:27.448Z [info] [app/controllers/account/first-steps.js]: SUCCESS
2020-04-14T16:45:27.551Z [info] [app/controllers/account/asset.js]: SUCCESS
2020-04-14T16:45:27.607Z [info] [app/controllers/account/education.js]: SUCCESS
2020-04-14T16:45:27.653Z [info] [app/controllers/account/index.js]: SUCCESS
2020-04-14T16:45:27.725Z [info] [app/controllers/account/job-description.js]: SUCCESS
2020-04-14T16:45:27.765Z [info] [app/controllers/account/job-opening.js]: SUCCESS
2020-04-14T16:45:27.790Z [info] [app/controllers/account/search.js]: SUCCESS
2020-04-14T16:45:27.857Z [warn] [app/controllers/signup/billing.js]: FAILURE 
Validation errors: 
	[loadingPromo]: Transform not supported - value has modifiers like 'property' or 'meta'
	[submit]: Transform not supported - action name matches one of the lifecycle hooks. Rename and try again. See https://github.com/scalvert/ember-native-class-codemod/issues/34 for more details
2020-04-14T16:45:27.892Z [info] [app/controllers/signup/index.js]: SUCCESS
2020-04-14T16:45:27.923Z [info] [app/controllers/account/settings.js]: SUCCESS
2020-04-14T16:45:27.956Z [info] [app/controllers/shared/job-application.js]: SUCCESS
2020-04-14T16:45:27.996Z [warn] [app/models/validations/employee.js]: SKIPPED Could not find runtime data NO_RUNTIME_DATA
2020-04-14T16:45:28.018Z [warn] [app/models/validations/company.js]: SKIPPED Could not find runtime data NO_RUNTIME_DATA
2020-04-14T16:45:28.036Z [warn] [app/models/validations/file.js]: SKIPPED Could not find runtime data NO_RUNTIME_DATA
2020-04-14T16:45:28.054Z [warn] [app/models/validations/form-element.js]: SKIPPED Could not find runtime data NO_RUNTIME_DATA
2020-04-14T16:45:28.068Z [warn] [app/models/validations/form.js]: SKIPPED Could not find runtime data NO_RUNTIME_DATA
2020-04-14T16:45:28.085Z [warn] [app/models/validations/job.js]: SKIPPED Could not find runtime data NO_RUNTIME_DATA
2020-04-14T16:45:28.108Z [info] [app/routes/about/pricing.js]: SUCCESS
2020-04-14T16:45:28.152Z [info] [app/routes/account/action-item.js]: SUCCESS
2020-04-14T16:45:28.190Z [info] [app/routes/account/action-items.js]: SUCCESS
2020-04-14T16:45:28.224Z [info] [app/routes/account/asset.js]: SUCCESS
2020-04-14T16:45:28.260Z [info] [app/routes/account/document.js]: SUCCESS
2020-04-14T16:45:28.300Z [info] [app/routes/account/anatomy.js]: SUCCESS
2020-04-14T16:45:28.368Z [info] [app/routes/account/education.js]: SUCCESS
2020-04-14T16:45:28.403Z [info] [app/routes/account/assets.js]: SUCCESS
2020-04-14T16:45:28.512Z [info] [app/routes/account/first-steps.js]: SUCCESS
2020-04-14T16:45:28.541Z [info] [app/routes/account/documents.js]: SUCCESS
2020-04-14T16:45:28.620Z [info] [app/routes/account/employees.js]: SUCCESS
2020-04-14T16:45:28.662Z [info] [app/routes/account/employee.js]: SUCCESS
2020-04-14T16:45:28.556Z [warn] [app/components/modals/ats-confirm-inject.js]: SKIPPED Could not find runtime data NO_RUNTIME_DATA
2020-04-14T16:45:28.612Z [info] [app/components/modals/ats-disqualify.js]: SUCCESS
2020-04-14T16:45:28.664Z [warn] [app/components/modals/add-asset-category.js]: SKIPPED Could not find runtime data NO_RUNTIME_DATA
2020-04-14T16:45:25.976Z [info] [app/routes/account/employees/messages.js]: SUCCESS
2020-04-14T16:45:26.082Z [info] [app/routes/account/help/topic.js]: SUCCESS
2020-04-14T16:45:26.135Z [info] [app/routes/account/help/index.js]: SUCCESS
2020-04-14T16:45:26.378Z [info] [app/routes/account/import/discovered.js]: SUCCESS
2020-04-14T16:45:26.442Z [info] [app/routes/account/job-description/settings.js]: SUCCESS
2020-04-14T16:45:26.589Z [info] [app/routes/account/import/index.js]: SUCCESS
2020-04-14T16:45:26.649Z [info] [app/routes/account/job-description/index.js]: SUCCESS
2020-04-14T16:45:26.694Z [info] [app/routes/account/job-opening/campaign.js]: SUCCESS
2020-04-14T16:45:26.727Z [info] [app/routes/account/recruiting/index.js]: SUCCESS
2020-04-14T16:45:26.783Z [info] [app/routes/account/settings/billing.js]: SUCCESS
2020-04-14T16:45:26.930Z [info] [app/routes/account/job-opening/setup-complete.js]: SUCCESS
2020-04-14T16:45:26.972Z [info] [app/routes/account/settings/index.js]: SUCCESS
2020-04-14T16:45:27.028Z [info] [app/routes/account/recruiting/settings.js]: SUCCESS
2020-04-14T16:45:27.093Z [info] [app/controllers/account/anatomy/company-users/edit.js]: SUCCESS
2020-04-14T16:45:27.145Z [warn] [app/controllers/account/anatomy/company-users/index.js]: FAILURE 
Validation errors: 
	[toggleProperty]: Transform not supported - action name matches one of the lifecycle hooks. Rename and try again. See https://github.com/scalvert/ember-native-class-codemod/issues/34 for more details
	[toggleProperty]: Transform not supported - calling the passed action would cause an infinite loop. See https://github.com/scalvert/eslint-plugin-ember-es6-class/pull/2 for more details
2020-04-14T16:45:27.186Z [warn] [app/routes/account/settings/integrations.js]: FAILURE 
Validation errors: 
	[refresh]: Transform not supported - calling the passed action would cause an infinite loop. See https://github.com/scalvert/eslint-plugin-ember-es6-class/pull/2 for more details
2020-04-14T16:45:27.269Z [info] [app/controllers/account/anatomy/company-users/new.js]: SUCCESS
2020-04-14T16:45:27.338Z [warn] [app/controllers/account/anatomy/location/edit.js]: FAILURE 
Validation errors: 
	[stateIsMontana]: Transform not supported - value has modifiers like 'property' or 'meta'
2020-04-14T16:45:27.368Z [warn] [app/controllers/account/anatomy/departments/index.js]: FAILURE 
Validation errors: 
	[addingDepartment]: Transform not supported - value has modifiers like 'property' or 'meta'
	[toggleProperty]: Transform not supported - action name matches one of the lifecycle hooks. Rename and try again. See https://github.com/scalvert/ember-native-class-codemod/issues/34 for more details
	[toggleProperty]: Transform not supported - calling the passed action would cause an infinite loop. See https://github.com/scalvert/eslint-plugin-ember-es6-class/pull/2 for more details
2020-04-14T16:45:27.404Z [info] [app/routes/account/settings/templates.js]: SUCCESS
2020-04-14T16:45:27.430Z [info] [app/controllers/account/anatomy/department/edit.js]: SUCCESS
2020-04-14T16:45:27.470Z [warn] [app/controllers/account/anatomy/locations/index.js]: FAILURE 
Validation errors: 
	[addingLocation]: Transform not supported - value has modifiers like 'property' or 'meta'
	[toggleProperty]: Transform not supported - action name matches one of the lifecycle hooks. Rename and try again. See https://github.com/scalvert/ember-native-class-codemod/issues/34 for more details
	[toggleProperty]: Transform not supported - calling the passed action would cause an infinite loop. See https://github.com/scalvert/eslint-plugin-ember-es6-class/pull/2 for more details
2020-04-14T16:45:27.500Z [info] [app/controllers/account/asset/index/edit.js]: SUCCESS
2020-04-14T16:45:27.526Z [info] [app/controllers/account/asset/index/new.js]: SUCCESS
2020-04-14T16:45:27.623Z [info] [app/controllers/account/employee/index/edit-picture.js]: SUCCESS
2020-04-14T16:45:27.734Z [info] [app/controllers/account/employee/index/edit.js]: SUCCESS
2020-04-14T16:45:28.022Z [warn] [app/controllers/account/employee/index/equipment.js]: FAILURE 
Validation errors: 
	[suggestedDocs]: Transform not supported - need option '--decorators=true' or the property type CallExpression can not be transformed
	[fileAssignments]: Transform not supported - need option '--decorators=true' or the property type CallExpression can not be transformed
2020-04-14T16:45:28.077Z [warn] [app/controllers/account/employee/index/index.js]: FAILURE 
Validation errors: 
	[hasAnniversaries]: Transform not supported - value has modifiers like 'property' or 'meta'
	[hasDirectContact]: Transform not supported - value has modifiers like 'property' or 'meta'
	[hasEmergencyContact]: Transform not supported - value has modifiers like 'property' or 'meta'
2020-04-14T16:45:28.116Z [info] [app/controllers/account/employee/index/history.js]: SUCCESS
2020-04-14T16:45:28.158Z [info] [app/controllers/account/employee/index/future-changes.js]: SUCCESS
2020-04-14T16:45:28.226Z [info] [app/controllers/account/employee/index/visual-id.js]: SUCCESS
2020-04-14T16:45:28.724Z [info] [app/routes/account/employee/index/history-report.js]: SUCCESS
2020-04-14T16:45:26.464Z [info] [app/routes/account/help.js]: SUCCESS
2020-04-14T16:45:26.523Z [info] [app/routes/account/import.js]: SUCCESS
2020-04-14T16:45:26.579Z [info] [app/routes/account/job-description.js]: SUCCESS
2020-04-14T16:45:26.631Z [info] [app/routes/account/job-opening.js]: SUCCESS
2020-04-14T16:45:26.674Z [info] [app/routes/account/recruiting.js]: SUCCESS
2020-04-14T16:45:26.696Z [info] [app/routes/setup/email-sent.js]: SUCCESS
2020-04-14T16:45:26.755Z [info] [app/routes/account/settings.js]: SUCCESS
2020-04-14T16:45:26.826Z [info] [app/routes/account/search.js]: SUCCESS
2020-04-14T16:45:26.858Z [info] [app/routes/setup/set-password.js]: SUCCESS
2020-04-14T16:45:26.977Z [info] [app/routes/shared/job-application.js]: SUCCESS
2020-04-14T16:45:27.036Z [info] [app/routes/signup/index.js]: SUCCESS
2020-04-14T16:45:27.063Z [info] [app/routes/signup/finish.js]: SUCCESS
2020-04-14T16:45:27.193Z [warn] [app/mixins/controller-abstractions/add-edit.js]: SKIPPED Could not find runtime data NO_RUNTIME_DATA
2020-04-14T16:45:27.239Z [info] [app/routes/signup/billing.js]: SUCCESS
2020-04-14T16:45:27.282Z [warn] [app/mixins/controller-abstractions/pagination.js]: SKIPPED Could not find runtime data NO_RUNTIME_DATA
2020-04-14T16:45:27.338Z [warn] [app/mixins/controller-abstractions/delete.js]: SKIPPED Could not find runtime data NO_RUNTIME_DATA
2020-04-14T16:45:27.402Z [warn] [app/mixins/route-abstractions/add.js]: SKIPPED Could not find runtime data NO_RUNTIME_DATA
2020-04-14T16:45:27.487Z [warn] [app/mixins/route-abstractions/resource.js]: SKIPPED Could not find runtime data NO_RUNTIME_DATA
2020-04-14T16:45:27.518Z [warn] [app/mixins/wizard/controller.js]: SKIPPED Could not find runtime data NO_RUNTIME_DATA
2020-04-14T16:45:27.535Z [warn] [app/mixins/controller-abstractions/resource.js]: SKIPPED Could not find runtime data NO_RUNTIME_DATA
2020-04-14T16:45:27.599Z [info] [app/components/display/filter-panes/control.js]: SUCCESS
2020-04-14T16:45:27.665Z [warn] [app/mixins/wizard/route.js]: SKIPPED Could not find runtime data NO_RUNTIME_DATA
2020-04-14T16:45:27.724Z [info] [app/components/display/filter-panes/section.js]: SUCCESS
2020-04-14T16:45:27.789Z [info] [app/components/list-item/dashboard/continue-action.js]: SUCCESS
2020-04-14T16:45:27.818Z [warn] [app/mixins/route-abstractions/edit.js]: SKIPPED Could not find runtime data NO_RUNTIME_DATA
2020-04-14T16:45:27.888Z [info] [app/components/list-item/dashboard/project-activity.js]: SUCCESS
2020-04-14T16:45:27.935Z [info] [app/components/list-item/dashboard/todo-item.js]: SUCCESS
2020-04-14T16:45:27.964Z [info] [app/components/list-item/educate/employee-metric.js]: SUCCESS
2020-04-14T16:45:27.997Z [warn] [app/components/list-item/educate/webinar-item.js]: SKIPPED Could not find runtime data NO_RUNTIME_DATA
2020-04-14T16:45:28.009Z [warn] [app/components/list-item/educate/webinar-cart-item.js]: SKIPPED Could not find runtime data NO_RUNTIME_DATA
2020-04-14T16:45:28.072Z [info] [app/components/tables/import/record-set-record.js]: SUCCESS
2020-04-14T16:45:28.137Z [info] [app/components/display/product/features-list.js]: SUCCESS
2020-04-14T16:45:28.182Z [info] [app/components/tables/cells/diff-value.js]: SUCCESS
2020-04-14T16:45:28.197Z [info] [app/components/tables/cells/boolean-check-value.js]: SUCCESS
2020-04-14T16:45:28.222Z [info] [app/components/tables/import/record-set.js]: SUCCESS
2020-04-14T16:45:28.306Z [warn] [app/controllers/account/action-item/todo.js]: FAILURE 
Validation errors: 
	[addedTodos]: Transform not supported - need option '--decorators=true' or the property type CallExpression can not be transformed
	[toggleProperty]: Transform not supported - action name matches one of the lifecycle hooks. Rename and try again. See https://github.com/scalvert/ember-native-class-codemod/issues/34 for more details
	[toggleProperty]: Transform not supported - calling the passed action would cause an infinite loop. See https://github.com/scalvert/eslint-plugin-ember-es6-class/pull/2 for more details
2020-04-14T16:45:28.358Z [warn] [app/controllers/account/action-items/index.js]: FAILURE 
Validation errors: 
	[filter]: Transform not supported - need option '--decorators=true' or the property type CallExpression can not be transformed
2020-04-14T16:45:28.439Z [warn] [app/controllers/account/action-items/new.js]: FAILURE 
Validation errors: 
	[addedTodos]: Transform not supported - need option '--decorators=true' or the property type CallExpression can not be transformed
	[calendarLabel]: Transform not supported - need option '--decorators=true' or the property type CallExpression can not be transformed
2020-04-14T16:45:28.497Z [info] [app/controllers/account/anatomy/department.js]: SUCCESS
2020-04-14T16:45:28.546Z [warn] [app/controllers/account/asset/edit.js]: FAILURE 
Validation errors: 
	[icons]: Transform not supported - need option '--decorators=true' or the property type CallExpression can not be transformed
2020-04-14T16:45:28.570Z [info] [app/controllers/account/asset/documents.js]: SUCCESS
2020-04-14T16:45:28.630Z [warn] [app/controllers/account/asset/index.js]: FAILURE 
Validation errors: 
	[addingAsset]: Transform not supported - value has modifiers like 'property' or 'meta'
	[editAsset]: Transform not supported - value has modifiers like 'property' or 'meta'
	[toggleProperty]: Transform not supported - action name matches one of the lifecycle hooks. Rename and try again. See https://github.com/scalvert/ember-native-class-codemod/issues/34 for more details
	[toggleProperty]: Transform not supported - calling the passed action would cause an infinite loop. See https://github.com/scalvert/eslint-plugin-ember-es6-class/pull/2 for more details
2020-04-14T16:45:28.685Z [info] [app/controllers/account/anatomy/index.js]: SUCCESS
2020-04-14T16:45:28.709Z [info] [app/controllers/account/assets/index.js]: SUCCESS
2020-04-14T16:45:28.733Z [warn] [app/controllers/account/assets/new.js]: FAILURE 
Validation errors: 
	[icons]: Transform not supported - need option '--decorators=true' or the property type CallExpression can not be transformed
2020-04-14T16:45:28.764Z [warn] [app/controllers/account/asset/information.js]: FAILURE 
Validation errors: 
	[toggleProperty]: Transform not supported - action name matches one of the lifecycle hooks. Rename and try again. See https://github.com/scalvert/ember-native-class-codemod/issues/34 for more details
	[toggleProperty]: Transform not supported - calling the passed action would cause an infinite loop. See https://github.com/scalvert/eslint-plugin-ember-es6-class/pull/2 for more details
2020-04-14T16:45:28.824Z [warn] [app/controllers/account/document/index.js]: FAILURE 
Validation errors: 
	[imagePreview]: Transform not supported - value has modifiers like 'property' or 'meta'
2020-04-14T16:45:26.311Z [info] [app/components/display/bread-crumbs.js]: SUCCESS
2020-04-14T16:45:26.512Z [info] [app/components/display/calc-color.js]: SUCCESS
2020-04-14T16:45:26.591Z [info] [app/components/display/first-steps.js]: SUCCESS
2020-04-14T16:45:26.642Z [info] [app/components/display/form-steps.js]: SUCCESS
2020-04-14T16:45:26.692Z [warn] [app/components/display/formal-action.js]: FAILURE 
Validation errors: 
	class has chained definition (e.g. EmberObject.extend().reopenClass();
2020-04-14T16:45:26.720Z [info] [app/components/display/form-step.js]: SUCCESS
2020-04-14T16:45:26.774Z [info] [app/components/display/filter-pane.js]: SUCCESS
2020-04-14T16:45:26.862Z [info] [app/components/display/icon-for-file.js]: SUCCESS
2020-04-14T16:45:26.919Z [info] [app/components/display/preview-browser.js]: SUCCESS
2020-04-14T16:45:26.997Z [info] [app/components/display/priority-label.js]: SUCCESS
2020-04-14T16:45:27.040Z [info] [app/components/display/report-view-row.js]: SUCCESS
2020-04-14T16:45:27.069Z [info] [app/components/display/issue-documents.js]: SUCCESS
2020-04-14T16:45:27.098Z [info] [app/components/display/report-view-cell.js]: SUCCESS
2020-04-14T16:45:27.146Z [info] [app/components/display/report-view.js]: SUCCESS
2020-04-14T16:45:27.236Z [info] [app/components/display/scroll-reveal.js]: SUCCESS
2020-04-14T16:45:27.305Z [info] [app/components/display/resource-list.js]: SUCCESS
2020-04-14T16:45:27.391Z [info] [app/components/display/timeline-group-detail.js]: SUCCESS
2020-04-14T16:45:27.418Z [info] [app/components/display/version-info.js]: SUCCESS
2020-04-14T16:45:27.439Z [info] [app/components/display/ui-step.js]: SUCCESS
2020-04-14T16:45:27.488Z [info] [app/components/display/subscription-banner.js]: SUCCESS
2020-04-14T16:45:27.568Z [info] [app/components/census/dry-run-employee-relationship.js]: SUCCESS
2020-04-14T16:45:27.683Z [warn] [app/components/census/table-cell.js]: FAILURE 
Validation errors: 
	[missingRelationship]: Transform not supported - need option '--decorators=true' or the property type CallExpression can not be transformed
	[missingRelationship]: Transform not supported - value has modifiers like 'property' or 'meta'
	[missingRequiredFields]: Transform not supported - need option '--decorators=true' or the property type CallExpression can not be transformed
	[missingRequiredFields]: Transform not supported - value has modifiers like 'property' or 'meta'
	[highlightCell]: Transform not supported - value has modifiers like 'property' or 'meta'
2020-04-14T16:45:27.733Z [info] [app/components/display/visual-overflow-table.js]: SUCCESS
2020-04-14T16:45:27.775Z [warn] [app/components/educate/sticky-cart.js]: SKIPPED Could not find runtime data NO_RUNTIME_DATA
2020-04-14T16:45:27.808Z [info] [app/components/census/table-row.js]: SUCCESS
2020-04-14T16:45:27.857Z [warn] [app/components/elements/company-navigation.js]: FAILURE 
Validation errors: 
	[toggle]: Transform not supported - calling the passed action would cause an infinite loop. See https://github.com/scalvert/eslint-plugin-ember-es6-class/pull/2 for more details
	[logout]: Transform not supported - calling the passed action would cause an infinite loop. See https://github.com/scalvert/eslint-plugin-ember-es6-class/pull/2 for more details
2020-04-14T16:45:27.875Z [warn] [app/components/form/action-button.js]: SKIPPED Could not find runtime data NO_RUNTIME_DATA
2020-04-14T16:45:28.024Z [warn] [app/components/elements/file-uploader.js]: FAILURE 
Validation errors: 
	[files]: Transform not supported - need option '--decorators=true' or the property type CallExpression can not be transformed
	[doesNotHaveFiles]: Transform not supported - value has modifiers like 'property' or 'meta'
2020-04-14T16:45:28.068Z [info] [app/components/elements/account-navigation.js]: SUCCESS
2020-04-14T16:45:28.116Z [warn] [app/components/elements/x-pagination.js]: SKIPPED Could not find runtime data NO_RUNTIME_DATA
2020-04-14T16:45:28.140Z [info] [app/components/elements/x-navigation.js]: SUCCESS
2020-04-14T16:45:28.172Z [info] [app/components/elements/x-footer.js]: SUCCESS
2020-04-14T16:45:28.230Z [warn] [app/components/form/integration-button.js]: FAILURE 
Validation errors: 
	[disabled]: Transform not supported - need option '--decorators=true' or the property type CallExpression can not be transformed
	[disabled]: Transform not supported - value has modifiers like 'property' or 'meta'
	[linkedServices]: Transform not supported - need option '--decorators=true' or the property type CallExpression can not be transformed
2020-04-14T16:45:28.264Z [warn] [app/components/input/comment-box.js]: FAILURE 
Validation errors: 
	[atOptions]: Transform not supported - value is of type object. For more details: eslint-plugin-ember/avoid-leaking-state-in-ember-objects
2020-04-14T16:45:28.362Z [info] [app/components/form/form-element.js]: SUCCESS
2020-04-14T16:45:28.398Z [warn] [app/components/input/custom-field.js]: SKIPPED Could not find runtime data NO_RUNTIME_DATA
2020-04-14T16:45:28.461Z [info] [app/components/input/date-range.js]: SUCCESS
2020-04-14T16:45:28.633Z [warn] [app/components/input/document-selection-modal.js]: SKIPPED Could not find runtime data NO_RUNTIME_DATA
2020-04-14T16:45:28.667Z [warn] [app/components/input/search-input.js]: SKIPPED Could not find runtime data NO_RUNTIME_DATA
2020-04-14T16:45:28.705Z [warn] [app/components/input/quick-form-input.js]: SKIPPED Could not find runtime data NO_RUNTIME_DATA
2020-04-14T16:45:28.715Z [warn] [app/components/input/equipment-picker.js]: SKIPPED Could not find runtime data NO_RUNTIME_DATA
2020-04-14T16:45:28.756Z [info] [app/components/input/social-security.js]: SUCCESS
2020-04-14T16:45:28.784Z [info] [app/components/list-item/action-item-participant.js]: SUCCESS
2020-04-14T16:45:28.795Z [warn] [app/components/input/ui-input.js]: SKIPPED Could not find runtime data NO_RUNTIME_DATA
2020-04-14T16:45:28.813Z [warn] [app/components/input/rich-text.js]: FAILURE 
Validation errors: 
	[options]: Transform not supported - value is of type object. For more details: eslint-plugin-ember/avoid-leaking-state-in-ember-objects
2020-04-14T16:45:28.827Z [info] [app/components/list-item/asset-item.js]: SUCCESS
2020-04-14T16:45:28.861Z [warn] [app/components/list-item/action-item.js]: FAILURE 
Validation errors: 
	[userId]: Transform not supported - need option '--decorators=true' or the property type CallExpression can not be transformed
	[userId]: Transform not supported - value has modifiers like 'property' or 'meta'
	[subscriberIds]: Transform not supported - value has modifiers like 'property' or 'meta'
2020-04-14T16:45:26.050Z [info] [app/controllers/account/employees/messages/thread.js]: SUCCESS
2020-04-14T16:45:26.127Z [info] [app/controllers/account/job-opening/campaign/job-application.js]: SUCCESS
2020-04-14T16:45:26.161Z [warn] [app/controllers/account/job-opening/campaign/index.js]: FAILURE 
Validation errors: 
	[summaryOpts]: Transform not supported - value is of type object. For more details: eslint-plugin-ember/avoid-leaking-state-in-ember-objects
2020-04-14T16:45:26.511Z [warn] [app/controllers/account/job-opening/campaign/applicant-tracking.js]: FAILURE 
Validation errors: 
	[selectedApplications]: Transform not supported - need option '--decorators=true' or the property type CallExpression can not be transformed
	[pendingApplications]: Transform not supported - value has modifiers like 'property' or 'meta'
	[activeCandidates]: Transform not supported - value has modifiers like 'property' or 'meta'
	[toggleProperty]: Transform not supported - action name matches one of the lifecycle hooks. Rename and try again. See https://github.com/scalvert/ember-native-class-codemod/issues/34 for more details
	[toggleProperty]: Transform not supported - calling the passed action would cause an infinite loop. See https://github.com/scalvert/eslint-plugin-ember-es6-class/pull/2 for more details
2020-04-14T16:45:26.904Z [info] [app/controllers/account/employees/forms/responses.js]: SUCCESS
2020-04-14T16:45:26.946Z [info] [app/controllers/account/job-opening/campaign/talent-pool.js]: SUCCESS
2020-04-14T16:45:26.989Z [warn] [app/controllers/account/job-opening/setup/eeo.js]: FAILURE 
Validation errors: 
	[collectEEO]: Transform not supported - need option '--decorators=true' or the property type CallExpression can not be transformed
	[collectEEO]: Transform not supported - value has modifiers like 'property' or 'meta'
2020-04-14T16:45:27.010Z [info] [app/controllers/account/job-opening/setup/finish.js]: SUCCESS
2020-04-14T16:45:27.068Z [info] [app/controllers/account/recruiting/index/index.js]: SUCCESS
2020-04-14T16:45:27.141Z [warn] [app/controllers/account/job-opening/setup/screening.js]: FAILURE 
Validation errors: 
	[saveAndContinue]: Transform not supported - calling the passed action would cause an infinite loop. See https://github.com/scalvert/eslint-plugin-ember-es6-class/pull/2 for more details
2020-04-14T16:45:27.229Z [info] [app/controllers/account/job-opening/setup/sources.js]: SUCCESS
2020-04-14T16:45:27.497Z [info] [app/controllers/account/recruiting/job-descriptions/index.js]: SUCCESS
2020-04-14T16:45:27.691Z [warn] [app/controllers/account/settings/index/index.js]: FAILURE 
Validation errors: 
	[fileData]: Transform not supported - value is of type object. For more details: eslint-plugin-ember/avoid-leaking-state-in-ember-objects
2020-04-14T16:45:27.719Z [info] [app/controllers/account/settings/index/features.js]: SUCCESS
2020-04-14T16:45:27.799Z [info] [app/controllers/account/settings/index/forms.js]: SUCCESS
2020-04-14T16:45:27.821Z [info] [app/controllers/account/settings/billing/invoices.js]: SUCCESS
2020-04-14T16:45:28.000Z [warn] [app/controllers/account/settings/templates/add.js]: SKIPPED Could not find runtime data NO_RUNTIME_DATA
2020-04-14T16:45:28.138Z [info] [app/controllers/account/settings/index/lists.js]: SUCCESS
2020-04-14T16:45:28.194Z [warn] [app/controllers/account/settings/templates/edit.js]: SKIPPED Could not find runtime data NO_RUNTIME_DATA
2020-04-14T16:45:28.261Z [info] [app/routes/account/anatomy/company-users/edit.js]: SUCCESS
2020-04-14T16:45:28.292Z [info] [app/routes/account/anatomy/department/edit.js]: SUCCESS
2020-04-14T16:45:28.333Z [info] [app/routes/account/anatomy/company-users/index.js]: SUCCESS
2020-04-14T16:45:28.452Z [info] [app/routes/account/anatomy/departments/index.js]: SUCCESS
2020-04-14T16:45:28.531Z [info] [app/routes/account/anatomy/location/edit.js]: SUCCESS
2020-04-14T16:45:28.631Z [info] [app/routes/account/anatomy/locations/index.js]: SUCCESS
2020-04-14T16:45:28.826Z [info] [app/routes/account/employee/index/counseling.js]: SUCCESS
2020-04-14T16:45:28.873Z [info] [app/routes/account/employee/index/edit-picture.js]: SUCCESS
2020-04-14T16:45:28.897Z [info] [app/routes/account/employee/index/documents.js]: SUCCESS
2020-04-14T16:45:26.680Z [info] [app/controllers/account/documents/index.js]: SUCCESS
2020-04-14T16:45:26.738Z [info] [app/controllers/account/documents/intro.js]: SUCCESS
2020-04-14T16:45:26.913Z [warn] [app/controllers/account/employee/index.js]: FAILURE 
Validation errors: 
	[onSummary]: Transform not supported - value has modifiers like 'property' or 'meta'
2020-04-14T16:45:27.054Z [info] [app/controllers/account/employees/changes.js]: SUCCESS
2020-04-14T16:45:27.132Z [info] [app/controllers/account/employees/messages.js]: SUCCESS
2020-04-14T16:45:27.193Z [info] [app/controllers/account/help/index.js]: SUCCESS
2020-04-14T16:45:27.447Z [info] [app/controllers/account/import/discovered.js]: SUCCESS
2020-04-14T16:45:27.656Z [info] [app/controllers/account/job-opening/campaign.js]: SUCCESS
2020-04-14T16:45:27.731Z [info] [app/controllers/account/settings/integrations.js]: SUCCESS
2020-04-14T16:45:27.795Z [info] [app/controllers/account/settings/billing.js]: SUCCESS
2020-04-14T16:45:27.853Z [warn] [app/core/abstractions/routes/add.js]: SKIPPED Could not find runtime data NO_RUNTIME_DATA
2020-04-14T16:45:27.921Z [info] [app/routes/account/action-item/index.js]: SUCCESS
2020-04-14T16:45:27.976Z [info] [app/controllers/account/import/index.js]: SUCCESS
2020-04-14T16:45:28.057Z [warn] [app/core/abstractions/routes/index.js]: SKIPPED Could not find runtime data NO_RUNTIME_DATA
2020-04-14T16:45:28.076Z [warn] [app/core/abstractions/routes/edit.js]: SKIPPED Could not find runtime data NO_RUNTIME_DATA
2020-04-14T16:45:28.115Z [info] [app/routes/account/action-item/todo.js]: SUCCESS
2020-04-14T16:45:28.185Z [info] [app/routes/account/action-items/index.js]: SUCCESS
2020-04-14T16:45:28.208Z [info] [app/routes/account/anatomy/department.js]: SUCCESS
2020-04-14T16:45:28.225Z [info] [app/routes/account/anatomy/company-users.js]: SUCCESS
2020-04-14T16:45:28.240Z [info] [app/routes/account/anatomy/location.js]: SUCCESS
2020-04-14T16:45:28.292Z [info] [app/routes/account/anatomy/index.js]: SUCCESS
2020-04-14T16:45:28.320Z [info] [app/routes/account/asset/documents.js]: SUCCESS
2020-04-14T16:45:28.380Z [info] [app/routes/account/asset/index.js]: SUCCESS
2020-04-14T16:45:28.409Z [info] [app/routes/account/asset/information.js]: SUCCESS
2020-04-14T16:45:28.449Z [info] [app/routes/account/assets/index.js]: SUCCESS
2020-04-14T16:45:28.477Z [info] [app/routes/account/asset/settings.js]: SUCCESS
2020-04-14T16:45:28.539Z [info] [app/routes/account/document/index.js]: SUCCESS
2020-04-14T16:45:28.683Z [warn] [app/routes/account/documents/index.js]: FAILURE 
Validation errors: 
	[sort]: Transform not supported - value is of type object. For more details: eslint-plugin-ember/avoid-leaking-state-in-ember-objects
2020-04-14T16:45:28.700Z [info] [app/routes/account/education/index.js]: SUCCESS
2020-04-14T16:45:28.719Z [info] [app/routes/account/documents/intro.js]: SUCCESS
2020-04-14T16:45:28.770Z [info] [app/routes/account/employee/index.js]: SUCCESS
2020-04-14T16:45:28.806Z [info] [app/routes/account/employee/complete-offboarding.js]: SUCCESS
2020-04-14T16:45:28.824Z [info] [app/routes/account/education/webinars.js]: SUCCESS
2020-04-14T16:45:28.869Z [info] [app/routes/account/employees/add.js]: SUCCESS
2020-04-14T16:45:28.900Z [info] [app/routes/account/employee/onboard-complete.js]: SUCCESS
2020-04-14T16:45:28.917Z [warn] [app/components/list-item/activity-item.js]: FAILURE 
Validation errors: 
	[enableLikes]: Transform not supported - value has modifiers like 'property' or 'meta'
	[comments]: Transform not supported - value has modifiers like 'property' or 'meta'
	[like]: Transform not supported - calling the passed action would cause an infinite loop. See https://github.com/scalvert/eslint-plugin-ember-es6-class/pull/2 for more details
2020-04-14T16:45:28.942Z [info] [app/components/list-item/applicant-source-select.js]: SUCCESS
2020-04-14T16:45:26.581Z [info] [app/serializers/employee.js]: SUCCESS
2020-04-14T16:45:26.629Z [info] [app/serializers/file-assignment.js]: SUCCESS
2020-04-14T16:45:26.654Z [info] [app/serializers/form-element.js]: SUCCESS
2020-04-14T16:45:26.688Z [warn] [app/serializers/form.js]: FAILURE 
Validation errors: 
	[attrs]: Transform not supported - value is of type object. For more details: eslint-plugin-ember/avoid-leaking-state-in-ember-objects
2020-04-14T16:45:26.722Z [info] [app/serializers/file.js]: SUCCESS
2020-04-14T16:45:26.766Z [info] [app/serializers/form-response.js]: SUCCESS
2020-04-14T16:45:26.793Z [info] [app/serializers/history.js]: SUCCESS
2020-04-14T16:45:26.846Z [warn] [app/serializers/job-application.js]: FAILURE 
Validation errors: 
	[attrs]: Transform not supported - value is of type object. For more details: eslint-plugin-ember/avoid-leaking-state-in-ember-objects
2020-04-14T16:45:26.881Z [info] [app/serializers/label.js]: SUCCESS
2020-04-14T16:45:26.920Z [info] [app/serializers/job-opening.js]: SUCCESS
2020-04-14T16:45:26.951Z [info] [app/serializers/permission.js]: SUCCESS
2020-04-14T16:45:27.019Z [info] [app/serializers/location.js]: SUCCESS
2020-04-14T16:45:27.066Z [info] [app/serializers/recruiting-pipeline.js]: SUCCESS
2020-04-14T16:45:27.087Z [info] [app/serializers/result-set.js]: SUCCESS
2020-04-14T16:45:27.119Z [info] [app/serializers/task-status.js]: SUCCESS
2020-04-14T16:45:27.147Z [info] [app/serializers/template-definition.js]: SUCCESS
2020-04-14T16:45:27.175Z [info] [app/serializers/session.js]: SUCCESS
2020-04-14T16:45:27.205Z [info] [app/serializers/template.js]: SUCCESS
2020-04-14T16:45:27.234Z [info] [app/serializers/training-assignment.js]: SUCCESS
2020-04-14T16:45:27.259Z [info] [app/serializers/webinar-authorization.js]: SUCCESS
2020-04-14T16:45:27.367Z [info] [app/services/activity.js]: SUCCESS
2020-04-14T16:45:27.425Z [info] [app/services/ajax.js]: SUCCESS
2020-04-14T16:45:27.446Z [info] [app/serializers/webinar.js]: SUCCESS
2020-04-14T16:45:27.517Z [warn] [app/services/clock.js]: FAILURE 
Validation errors: 
	[t]: Transform not supported - need option '--decorators=true' or the property type CallExpression can not be transformed
	[t]: Transform not supported - value has modifiers like 'property' or 'meta'
2020-04-14T16:45:27.795Z [warn] [app/services/auth.js]: FAILURE 
Validation errors: 
	[authenticated]: Transform not supported - value has modifiers like 'property' or 'meta'
	[token]: Transform not supported - need option '--decorators=true' or the property type CallExpression can not be transformed
	[token]: Transform not supported - value has modifiers like 'property' or 'meta'
	[userId]: Transform not supported - need option '--decorators=true' or the property type CallExpression can not be transformed
	[userId]: Transform not supported - value has modifiers like 'property' or 'meta'
2020-04-14T16:45:27.892Z [warn] [app/services/messaging.js]: FAILURE 
Validation errors: 
	[__readQueue]: Transform not supported - need option '--decorators=true' or the property type CallExpression can not be transformed
2020-04-14T16:45:27.961Z [info] [app/services/notifications.js]: SUCCESS
2020-04-14T16:45:28.037Z [warn] [app/services/socket.js]: FAILURE 
Validation errors: 
	[connectedUsers]: Transform not supported - need option '--decorators=true' or the property type CallExpression can not be transformed
2020-04-14T16:45:28.385Z [info] [app/services/subscription.js]: SUCCESS
2020-04-14T16:45:28.538Z [warn] [app/services/search.js]: FAILURE 
Validation errors: 
	[fields]: Transform not supported - value is of type object. For more details: eslint-plugin-ember/avoid-leaking-state-in-ember-objects
2020-04-14T16:45:28.659Z [warn] [app/utils/fade-rgb.js]: SKIPPED Could not find runtime data NO_RUNTIME_DATA
2020-04-14T16:45:28.708Z [warn] [app/utils/expand-serialized-object.js]: SKIPPED Could not find runtime data NO_RUNTIME_DATA
2020-04-14T16:45:28.721Z [warn] [app/utils/hex-to-rgb.js]: SKIPPED Could not find runtime data NO_RUNTIME_DATA
2020-04-14T16:45:28.735Z [warn] [app/utils/bubble-action.js]: SKIPPED Could not find runtime data NO_RUNTIME_DATA
2020-04-14T16:45:28.751Z [warn] [app/utils/mul-rgb.js]: SKIPPED Could not find runtime data NO_RUNTIME_DATA
2020-04-14T16:45:28.770Z [warn] [app/utils/object-array-is-dirty.js]: SKIPPED Could not find runtime data NO_RUNTIME_DATA
2020-04-14T16:45:28.802Z [warn] [app/utils/serialize-object.js]: SKIPPED Could not find runtime data NO_RUNTIME_DATA
2020-04-14T16:45:28.818Z [warn] [app/utils/resolve-for-type-key.js]: SKIPPED Could not find runtime data NO_RUNTIME_DATA
2020-04-14T16:45:28.837Z [warn] [app/utils/humanize-key-name.js]: SKIPPED Could not find runtime data NO_RUNTIME_DATA
2020-04-14T16:45:28.881Z [warn] [app/utils/tree.js]: SKIPPED Could not find runtime data NO_RUNTIME_DATA
2020-04-14T16:45:28.905Z [warn] [app/utils/uri-for-model.js]: SKIPPED Could not find runtime data NO_RUNTIME_DATA
2020-04-14T16:45:28.916Z [warn] [app/utils/title-case.js]: SKIPPED Could not find runtime data NO_RUNTIME_DATA
2020-04-14T16:45:28.965Z [warn] [app/components/card-pipeline/stage-card.js]: FAILURE 
Validation errors: 
	[toggleProperty]: Transform not supported - action name matches one of the lifecycle hooks. Rename and try again. See https://github.com/scalvert/ember-native-class-codemod/issues/34 for more details
	[toggleProperty]: Transform not supported - calling the passed action would cause an infinite loop. See https://github.com/scalvert/eslint-plugin-ember-es6-class/pull/2 for more details
2020-04-14T16:45:28.997Z [info] [app/components/card-pipeline/stage-column.js]: SUCCESS
2020-04-14T16:45:26.276Z [warn] [app/helpers/humanize-key.js]: SKIPPED Could not find runtime data NO_RUNTIME_DATA
2020-04-14T16:45:26.351Z [warn] [app/helpers/long-text.js]: SKIPPED Could not find runtime data NO_RUNTIME_DATA
2020-04-14T16:45:26.412Z [warn] [app/helpers/mut-select.js]: SKIPPED Could not find runtime data NO_RUNTIME_DATA
2020-04-14T16:45:26.478Z [warn] [app/helpers/inflect-text.js]: SKIPPED Could not find runtime data NO_RUNTIME_DATA
2020-04-14T16:45:26.496Z [warn] [app/helpers/join-array.js]: SKIPPED Could not find runtime data NO_RUNTIME_DATA
2020-04-14T16:45:26.531Z [warn] [app/helpers/add-one.js]: SKIPPED Could not find runtime data NO_RUNTIME_DATA
2020-04-14T16:45:26.588Z [warn] [app/helpers/relative-greeting-time.js]: SKIPPED Could not find runtime data NO_RUNTIME_DATA
2020-04-14T16:45:26.637Z [warn] [app/helpers/to-string.js]: SKIPPED Could not find runtime data NO_RUNTIME_DATA
2020-04-14T16:45:26.873Z [warn] [app/models/action-item.js]: FAILURE 
Validation errors: 
	[incompleteTodos]: Transform not supported - value has modifiers like 'property' or 'meta'
	[completeTodos]: Transform not supported - value has modifiers like 'property' or 'meta'
2020-04-14T16:45:26.996Z [info] [app/models/activity.js]: SUCCESS
2020-04-14T16:45:27.067Z [warn] [app/helpers/x-inc.js]: SKIPPED Could not find runtime data NO_RUNTIME_DATA
2020-04-14T16:45:27.114Z [warn] [app/models/applicant.js]: FAILURE 
Validation errors: 
	[created]: Transform not supported - value is of type object. For more details: eslint-plugin-ember/avoid-leaking-state-in-ember-objects
2020-04-14T16:45:27.126Z [warn] [app/helpers/time.js]: SKIPPED Could not find runtime data NO_RUNTIME_DATA
2020-04-14T16:45:27.195Z [warn] [app/models/asset-item.js]: FAILURE 
Validation errors: 
	[assetId]: Transform not supported - need option '--decorators=true' or the property type CallExpression can not be transformed
	[assetId]: Transform not supported - value has modifiers like 'property' or 'meta'
2020-04-14T16:45:27.258Z [info] [app/models/change.js]: SUCCESS
2020-04-14T16:45:27.363Z [info] [app/models/certification.js]: SUCCESS
2020-04-14T16:45:27.420Z [info] [app/models/asset.js]: SUCCESS
2020-04-14T16:45:27.474Z [info] [app/models/comment.js]: SUCCESS
2020-04-14T16:45:27.518Z [info] [app/models/asset-assignment.js]: SUCCESS
2020-04-14T16:45:27.555Z [info] [app/models/checklist-item.js]: SUCCESS
2020-04-14T16:45:27.680Z [info] [app/models/company.js]: SUCCESS
2020-04-14T16:45:27.757Z [info] [app/models/corrective-action-followup.js]: SUCCESS
2020-04-14T16:45:27.817Z [info] [app/models/company-user.js]: SUCCESS
2020-04-14T16:45:27.883Z [info] [app/models/corrective-action-severity.js]: SUCCESS
2020-04-14T16:45:27.921Z [info] [app/models/department.js]: SUCCESS
2020-04-14T16:45:27.984Z [info] [app/models/employee-issue.js]: SUCCESS
2020-04-14T16:45:28.149Z [info] [app/models/employee.js]: SUCCESS
2020-04-14T16:45:28.227Z [warn] [app/models/event.js]: FAILURE 
Validation errors: 
	[created]: Transform not supported - value is of type object. For more details: eslint-plugin-ember/avoid-leaking-state-in-ember-objects
2020-04-14T16:45:28.281Z [info] [app/models/file.js]: SUCCESS
2020-04-14T16:45:28.325Z [info] [app/models/form-element.js]: SUCCESS
2020-04-14T16:45:28.388Z [info] [app/models/corrective-action.js]: SUCCESS
2020-04-14T16:45:28.457Z [info] [app/models/file-assignment.js]: SUCCESS
2020-04-14T16:45:28.513Z [info] [app/models/form.js]: SUCCESS
2020-04-14T16:45:28.589Z [info] [app/models/history.js]: SUCCESS
2020-04-14T16:45:28.646Z [info] [app/models/form-response.js]: SUCCESS
2020-04-14T16:45:28.735Z [info] [app/models/job-opening.js]: SUCCESS
2020-04-14T16:45:28.782Z [info] [app/models/job.js]: SUCCESS
2020-04-14T16:45:28.804Z [info] [app/models/label.js]: SUCCESS
2020-04-14T16:45:28.860Z [info] [app/models/like.js]: SUCCESS
2020-04-14T16:45:28.904Z [info] [app/models/message-thread.js]: SUCCESS
2020-04-14T16:45:28.931Z [info] [app/models/message.js]: SUCCESS
2020-04-14T16:45:28.977Z [warn] [app/models/job-application.js]: FAILURE 
Validation errors: 
	[isEmployee]: Transform not supported - value has modifiers like 'property' or 'meta'
2020-04-14T16:45:28.997Z [info] [app/models/payment-method.js]: SUCCESS
2020-04-14T16:45:29.037Z [info] [app/models/permission.js]: SUCCESS
2020-04-14T16:45:29.057Z [info] [app/models/recruiting-pipeline.js]: SUCCESS
2020-04-14T16:45:29.081Z [info] [app/models/renewal.js]: SUCCESS
2020-04-14T16:45:26.642Z [warn] [app/transitions.js]: SKIPPED Could not find runtime data NO_RUNTIME_DATA
2020-04-14T16:45:26.688Z [info] [app/components/auto-focus.js]: SUCCESS
2020-04-14T16:45:26.774Z [warn] [app/config.js]: SKIPPED Could not find runtime data NO_RUNTIME_DATA
2020-04-14T16:45:27.007Z [info] [app/components/card-pipeline.js]: SUCCESS
2020-04-14T16:45:27.135Z [info] [app/components/confirm-modal.js]: SUCCESS
2020-04-14T16:45:27.323Z [warn] [app/components/intro-js.js]: FAILURE 
Validation errors: 
	[setupIntroJS]: Transform not supported - value has modifiers like 'property' or 'meta'
2020-04-14T16:45:27.416Z [warn] [app/components/diff-value-translator.js]: FAILURE 
Validation errors: 
	[displayMap]: Transform not supported - value is of type object. For more details: eslint-plugin-ember/avoid-leaking-state-in-ember-objects
	[isRelationship]: Transform not supported - value has modifiers like 'property' or 'meta'
2020-04-14T16:45:27.436Z [info] [app/components/sg-color.js]: SUCCESS
2020-04-14T16:45:27.461Z [warn] [app/components/quick-form.js]: SKIPPED Could not find runtime data NO_RUNTIME_DATA
2020-04-14T16:45:27.493Z [info] [app/components/sg-section.js]: SUCCESS
2020-04-14T16:45:27.557Z [info] [app/components/stateful-intro-js.js]: SUCCESS
2020-04-14T16:45:27.623Z [info] [app/components/time-ago.js]: SUCCESS
2020-04-14T16:45:27.731Z [info] [app/components/custom-label.js]: SUCCESS
2020-04-14T16:45:27.774Z [info] [app/components/ui-sidebar.js]: SUCCESS
2020-04-14T16:45:27.806Z [info] [app/components/x-tree-branch.js]: SUCCESS
2020-04-14T16:45:27.866Z [warn] [app/components/validated-input.js]: SKIPPED Could not find runtime data NO_RUNTIME_DATA
2020-04-14T16:45:27.891Z [info] [app/components/ui-menu.js]: SUCCESS
2020-04-14T16:45:27.969Z [info] [app/components/x-tree-node.js]: SUCCESS
2020-04-14T16:45:28.024Z [info] [app/components/ui-calendar.js]: SUCCESS
2020-04-14T16:45:28.066Z [info] [app/components/x-tree.js]: SUCCESS
2020-04-14T16:45:28.115Z [info] [app/components/x-tree-children.js]: SUCCESS
2020-04-14T16:45:28.141Z [warn] [app/config/breadcrumb.js]: SKIPPED Could not find runtime data NO_RUNTIME_DATA
2020-04-14T16:45:28.161Z [warn] [app/config/suggestions.js]: SKIPPED Could not find runtime data NO_RUNTIME_DATA
2020-04-14T16:45:28.225Z [warn] [app/config/help.js]: SKIPPED Could not find runtime data NO_RUNTIME_DATA
2020-04-14T16:45:28.271Z [warn] [app/config/mime-types.js]: SKIPPED Could not find runtime data NO_RUNTIME_DATA
2020-04-14T16:45:28.302Z [warn] [app/controllers/account.js]: FAILURE 
Validation errors: 
	[currentPath]: Transform not supported - need option '--decorators=true' or the property type CallExpression can not be transformed
	[currentPath]: Transform not supported - value has modifiers like 'property' or 'meta'
2020-04-14T16:45:28.328Z [info] [app/controllers/error.js]: SUCCESS
2020-04-14T16:45:28.364Z [info] [app/controllers/index.js]: SUCCESS
2020-04-14T16:45:28.482Z [warn] [app/controllers/application.js]: FAILURE 
Validation errors: 
	[navTransparent]: Transform not supported - value has modifiers like 'property' or 'meta'
2020-04-14T16:45:28.597Z [warn] [app/config/statics.js]: SKIPPED Could not find runtime data NO_RUNTIME_DATA
2020-04-14T16:45:28.694Z [info] [app/controllers/login.js]: SUCCESS
2020-04-14T16:45:28.719Z [info] [app/controllers/not-found.js]: SUCCESS
2020-04-14T16:45:28.768Z [info] [app/controllers/recover.js]: SUCCESS
2020-04-14T16:45:28.822Z [info] [app/controllers/setup-account.js]: SUCCESS
2020-04-14T16:45:28.875Z [info] [app/controllers/our-product.js]: SUCCESS
2020-04-14T16:45:28.918Z [info] [app/controllers/signup.js]: SUCCESS
2020-04-14T16:45:28.976Z [warn] [app/core/file-handler.js]: SKIPPED Could not find runtime data NO_RUNTIME_DATA
2020-04-14T16:45:29.003Z [warn] [app/core/index.js]: SKIPPED Could not find runtime data NO_RUNTIME_DATA
2020-04-14T16:45:29.045Z [info] [app/controllers/unauthorized.js]: SUCCESS
2020-04-14T16:45:29.060Z [warn] [app/core/element-id.js]: SKIPPED Could not find runtime data NO_RUNTIME_DATA
2020-04-14T16:45:29.082Z [warn] [app/controllers/vogue.js]: FAILURE 
Validation errors: 
	[toggleProperty]: Transform not supported - action name matches one of the lifecycle hooks. Rename and try again. See https://github.com/scalvert/ember-native-class-codemod/issues/34 for more details
	[toggleProperty]: Transform not supported - calling the passed action would cause an infinite loop. See https://github.com/scalvert/eslint-plugin-ember-es6-class/pull/2 for more details
2020-04-14T16:45:29.105Z [warn] [app/core/modal-support.js]: SKIPPED Could not find runtime data NO_RUNTIME_DATA
2020-04-14T16:45:29.175Z [warn] [app/core/wizard.js]: SKIPPED Could not find runtime data NO_RUNTIME_DATA
2020-04-14T16:45:28.778Z [info] [app/routes/account/employee/index/future-changes.js]: SUCCESS
2020-04-14T16:45:28.827Z [info] [app/routes/account/employee/index/equipment.js]: SUCCESS
2020-04-14T16:45:28.892Z [info] [app/routes/account/employee/index/history.js]: SUCCESS
2020-04-14T16:45:28.912Z [info] [app/routes/account/employee/index/education.js]: SUCCESS
2020-04-14T16:45:28.941Z [info] [app/routes/account/employee/index/visual-id.js]: SUCCESS
2020-04-14T16:45:28.969Z [info] [app/routes/account/employee/index/index.js]: SUCCESS
2020-04-14T16:45:29.201Z [info] [app/routes/account/employees/forms/index.js]: SUCCESS
2020-04-14T16:45:29.236Z [info] [app/routes/account/employees/add/census.js]: SUCCESS
2020-04-14T16:45:29.297Z [info] [app/routes/account/employees/messages/thread.js]: SUCCESS
2020-04-14T16:45:29.320Z [info] [app/routes/account/employees/messages/index.js]: SUCCESS
2020-04-14T16:45:29.356Z [info] [app/routes/account/job-opening/campaign/eeo-reporting.js]: SUCCESS
2020-04-14T16:45:29.395Z [info] [app/routes/account/job-opening/campaign/index.js]: SUCCESS
2020-04-14T16:45:29.421Z [info] [app/routes/account/job-opening/setup/eeo.js]: SUCCESS
2020-04-14T16:45:29.430Z [info] [app/routes/account/job-opening/setup/finish.js]: SUCCESS
2020-04-14T16:45:29.468Z [info] [app/routes/account/job-opening/campaign/job-application.js]: SUCCESS
2020-04-14T16:45:29.503Z [info] [app/routes/account/job-opening/setup/sources.js]: SUCCESS
2020-04-14T16:45:29.649Z [info] [app/routes/account/settings/billing/invoices.js]: SUCCESS
2020-04-14T16:45:29.679Z [info] [app/routes/account/settings/index/features.js]: SUCCESS
2020-04-14T16:45:29.690Z [info] [app/routes/account/settings/index/index.js]: SUCCESS
2020-04-14T16:45:29.703Z [info] [app/routes/account/settings/index/forms.js]: SUCCESS
2020-04-14T16:45:29.723Z [info] [app/routes/account/settings/index/lists.js]: SUCCESS
2020-04-14T16:45:29.739Z [warn] [app/routes/account/settings/templates/add.js]: SKIPPED Could not find runtime data NO_RUNTIME_DATA
2020-04-14T16:45:29.764Z [info] [app/routes/account/settings/index/processes.js]: SUCCESS
2020-04-14T16:45:31.756Z [warn] [app/routes/account/settings/templates/edit.js]: SKIPPED Could not find runtime data NO_RUNTIME_DATA
2020-04-14T16:45:31.762Z [info] [app/routes/account/employee/index/education/certification/renewal.js]: SUCCESS
2020-04-14T16:45:31.815Z [warn] [app/controllers/account/employee/index/counseling/issue/corrective-action/index.js]: FAILURE 
Validation errors: 
	[sortedFollowUps]: Transform not supported - value has modifiers like 'property' or 'meta'
2020-04-14T16:45:31.833Z [info] [app/routes/account/employee/index/counseling/issue/corrective-action/index.js]: SUCCESS
2020-04-14T16:45:31.890Z [info] [app/routes/account/employee/index/counseling/issue/corrective-action/print.js]: SUCCESS
2020-04-14T16:45:31.983Z [info] [app/routes/account/employee/index/education/certification/index.js]: SUCCESS
2020-04-14T16:45:32.173Z [warn] [app/controllers/account/employee/index/counseling/issue/corrective-action/edit.js]: FAILURE 
Validation errors: 
	[severities]: Transform not supported - need option '--decorators=true' or the property type CallExpression can not be transformed
	[severities]: Transform not supported - value has modifiers like 'property' or 'meta'
	[sortedSeverities]: Transform not supported - value has modifiers like 'property' or 'meta'
2020-04-14T16:45:31.796Z [info] [app/controllers/account/anatomy/departments/index/new.js]: SUCCESS
2020-04-14T16:45:31.887Z [warn] [app/controllers/account/employee/index/counseling/new.js]: FAILURE 
Validation errors: 
	[severities]: Transform not supported - need option '--decorators=true' or the property type CallExpression can not be transformed
	[severities]: Transform not supported - value has modifiers like 'property' or 'meta'
	[sortedSeverities]: Transform not supported - value has modifiers like 'property' or 'meta'
2020-04-14T16:45:31.914Z [info] [app/controllers/account/employee/index/documents/index.js]: SUCCESS
2020-04-14T16:45:31.966Z [info] [app/controllers/account/employee/index/counseling/print-all.js]: SUCCESS
2020-04-14T16:45:31.987Z [warn] [app/controllers/account/employee/index/edit/index.js]: FAILURE 
Validation errors: 
	[stateIsMontana]: Transform not supported - value has modifiers like 'property' or 'meta'
2020-04-14T16:45:32.041Z [warn] [app/controllers/account/anatomy/locations/index/new.js]: FAILURE 
Validation errors: 
	[stateIsMontana]: Transform not supported - value has modifiers like 'property' or 'meta'
2020-04-14T16:45:32.321Z [warn] [app/controllers/account/employee/index/edit/custom-fields.js]: FAILURE 
Validation errors: 
	[showTable]: Transform not supported - value has modifiers like 'property' or 'meta'
	[toggleProperty]: Transform not supported - action name matches one of the lifecycle hooks. Rename and try again. See https://github.com/scalvert/ember-native-class-codemod/issues/34 for more details
	[toggleProperty]: Transform not supported - calling the passed action would cause an infinite loop. See https://github.com/scalvert/eslint-plugin-ember-es6-class/pull/2 for more details
2020-04-14T16:45:32.370Z [warn] [app/controllers/account/employee/index/counseling/issue.js]: FAILURE 
Validation errors: 
	[onCorrectiveActionSubroute]: Transform not supported - value has modifiers like 'property' or 'meta'
2020-04-14T16:45:32.498Z [info] [app/controllers/account/employee/index/edit/job.js]: SUCCESS
2020-04-14T16:45:32.580Z [info] [app/controllers/account/employee/index/education/add.js]: SUCCESS
2020-04-14T16:45:33.143Z [info] [app/controllers/account/job-opening/campaign/job-application/edit.js]: SUCCESS
2020-04-14T16:45:33.306Z [info] [app/controllers/account/job-opening/campaign/job-application/event.js]: SUCCESS
2020-04-14T16:45:33.332Z [warn] [app/controllers/account/job-opening/campaign/job-application/index.js]: SKIPPED Could not find runtime data NO_RUNTIME_DATA
2020-04-14T16:45:33.441Z [info] [app/routes/account/employee/index/counseling/print-all.js]: SUCCESS
2020-04-14T16:45:33.470Z [warn] [app/controllers/account/employees/add/census/index.js]: FAILURE 
Validation errors: 
	[fileUploadError]: Transform not supported - calling the passed action would cause an infinite loop. See https://github.com/scalvert/eslint-plugin-ember-es6-class/pull/2 for more details
2020-04-14T16:45:33.582Z [warn] [app/controllers/account/employees/add/census/review.js]: FAILURE 
Validation errors: 
	[stateIsMontana]: Transform not supported - value has modifiers like 'property' or 'meta'
	[guesses]: Transform not supported - need option '--decorators=true' or the property type CallExpression can not be transformed
	[guesses]: Transform not supported - value has modifiers like 'property' or 'meta'
2020-04-14T16:45:33.593Z [info] [app/routes/account/employee/index/edit/custom-fields.js]: SUCCESS
2020-04-14T16:45:33.611Z [info] [app/routes/account/employee/index/edit/index.js]: SUCCESS
2020-04-14T16:45:33.654Z [info] [app/routes/account/employee/index/edit/job.js]: SUCCESS
2020-04-14T16:45:33.683Z [info] [app/routes/account/employee/index/counseling/issue.js]: SUCCESS
2020-04-14T16:45:33.738Z [info] [app/routes/account/employee/index/education/index.js]: SUCCESS
2020-04-14T16:45:33.772Z [info] [app/routes/account/employees/add/census/review.js]: SUCCESS
2020-04-14T16:45:33.876Z [info] [app/routes/account/job-opening/campaign/job-application/edit.js]: SUCCESS
2020-04-14T16:45:33.909Z [info] [app/routes/account/job-opening/campaign/job-application/event.js]: SUCCESS
2020-04-14T16:45:33.955Z [info] [app/routes/account/employee/index/edit/settings.js]: SUCCESS
2020-04-14T16:45:33.976Z [info] [app/routes/account/employee/index/education/certification.js]: SUCCESS
2020-04-14T16:45:33.998Z [info] [app/controllers/account/employee/index/counseling/issue/index.js]: SUCCESS
2020-04-14T16:45:34.019Z [info] [app/routes/account/employees/add/census/index.js]: SUCCESS
2020-04-14T16:45:34.054Z [warn] [app/controllers/account/employee/index/counseling/issue/new.js]: FAILURE 
Validation errors: 
	[severities]: Transform not supported - need option '--decorators=true' or the property type CallExpression can not be transformed
	[severities]: Transform not supported - value has modifiers like 'property' or 'meta'
	[sortedSeverities]: Transform not supported - value has modifiers like 'property' or 'meta'
2020-04-14T16:45:34.075Z [info] [app/routes/account/job-opening/campaign/job-application/index.js]: SUCCESS
2020-04-14T16:45:34.105Z [info] [app/controllers/account/employee/index/education/certification/renewal.js]: SUCCESS
2020-04-14T16:45:34.198Z [info] [app/controllers/account/employee/index/documents/new.js]: SUCCESS
2020-04-14T16:45:34.378Z [info] [app/routes/account/employee/index/counseling/issue/edit.js]: SUCCESS
2020-04-14T16:45:34.405Z [info] [app/controllers/account/employee/index/education/certification/index.js]: SUCCESS
2020-04-14T16:45:34.514Z [warn] [app/routes/account/settings/templates/index.js]: SKIPPED Could not find runtime data NO_RUNTIME_DATA
2020-04-14T16:45:34.531Z [info] [app/routes/account/employee/index/counseling/issue/corrective-action.js]: SUCCESS
2020-05-21T13:47:23.935Z [warn] [app/components/list-item/dry-run-employee.js]: SKIPPED Could not find runtime data NO_RUNTIME_DATA
2020-05-21T13:47:24.013Z [warn] [app/components/modals/upload-document.js]: SKIPPED Could not find runtime data NO_RUNTIME_DATA
2020-05-21T13:47:24.052Z [warn] [app/serializers/activity.js]: FAILURE 
Validation errors: 
	[attrs]: Transform not supported - value is of type object. For more details: eslint-plugin-ember/avoid-leaking-state-in-ember-objects
2020-05-21T13:47:24.417Z [warn] [app/components/display/resource-list.js]: SKIPPED Could not find runtime data NO_RUNTIME_DATA
2020-05-21T13:47:24.459Z [warn] [app/services/messaging.js]: FAILURE 
Validation errors: 
	[__readQueue]: Transform not supported - need option '--decorators=true' or the property type CallExpression can not be transformed
2020-05-21T13:47:24.461Z [warn] [app/controllers/account/settings/templates/add.js]: SKIPPED Could not find runtime data NO_RUNTIME_DATA
2020-05-21T13:47:24.461Z [warn] [app/models/action-item.js]: FAILURE 
Validation errors: 
	[incompleteTodos]: Transform not supported - value has modifiers like 'property' or 'meta'
	[completeTodos]: Transform not supported - value has modifiers like 'property' or 'meta'
2020-05-21T13:47:24.647Z [warn] [app/controllers/account/employee/index/visual-id.js]: SKIPPED Could not find runtime data NO_RUNTIME_DATA
2020-05-21T13:47:24.905Z [warn] [app/controllers/vogue.js]: FAILURE 
Validation errors: 
	[toggleProperty]: Transform not supported - action name matches one of the lifecycle hooks. Rename and try again. See https://github.com/scalvert/ember-native-class-codemod/issues/34 for more details
	[toggleProperty]: Transform not supported - calling the passed action would cause an infinite loop. See https://github.com/scalvert/eslint-plugin-ember-es6-class/pull/2 for more details
2020-05-21T13:47:24.968Z [warn] [app/routes/account/settings/templates/edit.js]: SKIPPED Could not find runtime data NO_RUNTIME_DATA
2020-05-21T13:47:25.026Z [warn] [app/config.js]: SKIPPED Could not find runtime data NO_RUNTIME_DATA
2020-05-21T13:47:24.169Z [warn] [app/serializers/action-item.js]: FAILURE 
Validation errors: 
	[attrs]: Transform not supported - value is of type object. For more details: eslint-plugin-ember/avoid-leaking-state-in-ember-objects
2020-05-21T13:47:24.204Z [warn] [app/serializers/asset-item.js]: FAILURE 
Validation errors: 
	[attrs]: Transform not supported - value is of type object. For more details: eslint-plugin-ember/avoid-leaking-state-in-ember-objects
2020-05-21T13:47:24.296Z [warn] [app/serializers/certification.js]: FAILURE 
Validation errors: 
	[attrs]: Transform not supported - value is of type object. For more details: eslint-plugin-ember/avoid-leaking-state-in-ember-objects
2020-05-21T13:47:24.415Z [warn] [app/serializers/corrective-action.js]: FAILURE 
Validation errors: 
	[attrs]: Transform not supported - value is of type object. For more details: eslint-plugin-ember/avoid-leaking-state-in-ember-objects
2020-05-21T13:47:24.547Z [warn] [app/serializers/company.js]: FAILURE 
Validation errors: 
	[attrs]: Transform not supported - value is of type object. For more details: eslint-plugin-ember/avoid-leaking-state-in-ember-objects
2020-05-21T13:47:24.616Z [warn] [app/serializers/form.js]: FAILURE 
Validation errors: 
	[attrs]: Transform not supported - value is of type object. For more details: eslint-plugin-ember/avoid-leaking-state-in-ember-objects
2020-05-21T13:47:24.733Z [warn] [app/serializers/job-application.js]: FAILURE 
Validation errors: 
	[attrs]: Transform not supported - value is of type object. For more details: eslint-plugin-ember/avoid-leaking-state-in-ember-objects
2020-05-21T13:47:25.103Z [warn] [app/models/validations/company.js]: SKIPPED Could not find runtime data NO_RUNTIME_DATA
2020-05-21T13:47:25.084Z [warn] [app/services/clock.js]: FAILURE 
Validation errors: 
	[t]: Transform not supported - need option '--decorators=true' or the property type CallExpression can not be transformed
	[t]: Transform not supported - value has modifiers like 'property' or 'meta'
2020-05-21T13:47:25.225Z [warn] [app/services/auth.js]: FAILURE 
Validation errors: 
	[authenticated]: Transform not supported - value has modifiers like 'property' or 'meta'
	[token]: Transform not supported - need option '--decorators=true' or the property type CallExpression can not be transformed
	[token]: Transform not supported - value has modifiers like 'property' or 'meta'
	[userId]: Transform not supported - need option '--decorators=true' or the property type CallExpression can not be transformed
	[userId]: Transform not supported - value has modifiers like 'property' or 'meta'
2020-05-21T13:47:23.951Z [warn] [app/components/list-item/employee-corrective-action-item.js]: SKIPPED Could not find runtime data NO_RUNTIME_DATA
2020-05-21T13:47:23.960Z [warn] [app/components/list-item/employee-issue-item.js]: SKIPPED Could not find runtime data NO_RUNTIME_DATA
2020-05-21T13:47:23.972Z [warn] [app/components/list-item/document-suggestion.js]: SKIPPED Could not find runtime data NO_RUNTIME_DATA
2020-05-21T13:47:24.044Z [warn] [app/components/list-item/employee-document-item.js]: SKIPPED Could not find runtime data NO_RUNTIME_DATA
2020-05-21T13:47:24.223Z [warn] [app/components/list-item/employee-item.js]: SKIPPED Could not find runtime data NO_RUNTIME_DATA
2020-05-21T13:47:24.263Z [warn] [app/components/list-item/form-item.js]: SKIPPED Could not find runtime data NO_RUNTIME_DATA
2020-05-21T13:47:24.410Z [warn] [app/components/list-item/history-group.js]: FAILURE 
Validation errors: 
	[oneOperationInDay]: Transform not supported - value has modifiers like 'property' or 'meta'
2020-05-21T13:47:24.419Z [warn] [app/components/list-item/job-item.js]: SKIPPED Could not find runtime data NO_RUNTIME_DATA
2020-05-21T13:47:24.437Z [warn] [app/components/list-item/job-opening-item.js]: SKIPPED Could not find runtime data NO_RUNTIME_DATA
2020-05-21T13:47:24.450Z [warn] [app/components/list-item/location-item.js]: SKIPPED Could not find runtime data NO_RUNTIME_DATA
2020-05-21T13:47:24.513Z [warn] [app/components/list-item/message-thread.js]: SKIPPED Could not find runtime data NO_RUNTIME_DATA
2020-05-21T13:47:24.563Z [warn] [app/components/list-item/new-import-record-item.js]: SKIPPED Could not find runtime data NO_RUNTIME_DATA
2020-05-21T13:47:24.601Z [warn] [app/components/list-item/pending-applicant.js]: SKIPPED Could not find runtime data NO_RUNTIME_DATA
2020-05-21T13:47:24.645Z [warn] [app/components/list-item/todo-item.js]: SKIPPED Could not find runtime data NO_RUNTIME_DATA
2020-05-21T13:47:24.658Z [warn] [app/components/list-item/training-assignment.js]: SKIPPED Could not find runtime data NO_RUNTIME_DATA
2020-05-21T13:47:24.771Z [warn] [app/components/list-item/user-item.js]: SKIPPED Could not find runtime data NO_RUNTIME_DATA
2020-05-21T13:47:24.795Z [warn] [app/components/list-item/talent-pool-applicant.js]: SKIPPED Could not find runtime data NO_RUNTIME_DATA
2020-05-21T13:47:24.849Z [warn] [app/components/messaging/messages-pane.js]: SKIPPED Could not find runtime data NO_RUNTIME_DATA
2020-05-21T13:47:24.866Z [warn] [app/components/list-item/unapplied-change.js]: SKIPPED Could not find runtime data NO_RUNTIME_DATA
2020-05-21T13:47:24.938Z [warn] [app/components/modals/ats-close-job-opening.js]: SKIPPED Could not find runtime data NO_RUNTIME_DATA
2020-05-21T13:47:24.956Z [warn] [app/components/messaging/thread-participant.js]: SKIPPED Could not find runtime data NO_RUNTIME_DATA
2020-05-21T13:47:24.982Z [warn] [app/components/modals/add-notes.js]: SKIPPED Could not find runtime data NO_RUNTIME_DATA
2020-05-21T13:47:25.004Z [warn] [app/components/messaging/message-thread.js]: SKIPPED Could not find runtime data NO_RUNTIME_DATA
2020-05-21T13:47:25.036Z [warn] [app/components/modals/add-asset-category.js]: SKIPPED Could not find runtime data NO_RUNTIME_DATA
2020-05-21T13:47:25.101Z [warn] [app/components/modals/ats-add-applicant.js]: SKIPPED Could not find runtime data NO_RUNTIME_DATA
2020-05-21T13:47:25.120Z [warn] [app/components/modals/ats-disqualify.js]: SKIPPED Could not find runtime data NO_RUNTIME_DATA
2020-05-21T13:47:25.148Z [warn] [app/components/modals/ats-link-sharing.js]: SKIPPED Could not find runtime data NO_RUNTIME_DATA
2020-05-21T13:47:25.186Z [warn] [app/components/modals/ats-add-label.js]: SKIPPED Could not find runtime data NO_RUNTIME_DATA
2020-05-21T13:47:25.199Z [warn] [app/components/modals/ats-confirm-inject.js]: SKIPPED Could not find runtime data NO_RUNTIME_DATA
2020-05-21T13:47:25.245Z [warn] [app/components/modals/form-creator.js]: SKIPPED Could not find runtime data NO_RUNTIME_DATA
2020-05-21T13:47:25.255Z [warn] [app/components/modals/update-payment-method.js]: SKIPPED Could not find runtime data NO_RUNTIME_DATA
2020-05-21T13:47:25.269Z [warn] [app/components/modals/ats-scheduler.js]: SKIPPED Could not find runtime data NO_RUNTIME_DATA
2020-05-21T13:47:25.296Z [warn] [app/components/modals/index.js]: SKIPPED Could not find runtime data NO_RUNTIME_DATA
2020-05-21T13:47:25.305Z [warn] [app/components/modals/static-content.js]: SKIPPED Could not find runtime data NO_RUNTIME_DATA
2020-05-21T13:47:25.009Z [warn] [app/routes/account/settings/templates/index.js]: SKIPPED Could not find runtime data NO_RUNTIME_DATA
2020-05-21T13:47:25.057Z [warn] [app/routes/account/settings/templates/add.js]: SKIPPED Could not find runtime data NO_RUNTIME_DATA
2020-05-21T13:47:25.283Z [warn] [app/controllers/account/employee/index/edit/index.js]: FAILURE 
Validation errors: 
	[stateIsMontana]: Transform not supported - value has modifiers like 'property' or 'meta'
2020-05-21T13:47:25.371Z [warn] [app/controllers/account/employee/index/edit/custom-fields.js]: FAILURE 
Validation errors: 
	[showTable]: Transform not supported - value has modifiers like 'property' or 'meta'
	[toggleProperty]: Transform not supported - action name matches one of the lifecycle hooks. Rename and try again. See https://github.com/scalvert/ember-native-class-codemod/issues/34 for more details
	[toggleProperty]: Transform not supported - calling the passed action would cause an infinite loop. See https://github.com/scalvert/eslint-plugin-ember-es6-class/pull/2 for more details
2020-05-21T13:47:24.203Z [warn] [app/components/modals/view-form-response.js]: SKIPPED Could not find runtime data NO_RUNTIME_DATA
2020-05-21T13:47:24.275Z [warn] [app/components/tables/custom-field.js]: SKIPPED Could not find runtime data NO_RUNTIME_DATA
2020-05-21T13:47:24.515Z [warn] [app/components/visualizations/reorganization-tree.js]: SKIPPED Could not find runtime data NO_RUNTIME_DATA
2020-05-21T13:47:24.711Z [warn] [app/components/visualizations/organization-tree.js]: FAILURE 
Validation errors: 
	[margin]: Transform not supported - value is of type object. For more details: eslint-plugin-ember/avoid-leaking-state-in-ember-objects
2020-05-21T13:47:24.866Z [warn] [app/components/search/result-item.js]: FAILURE 
Validation errors: 
	[modelName]: Transform not supported - need option '--decorators=true' or the property type CallExpression can not be transformed
	[modelName]: Transform not supported - value has modifiers like 'property' or 'meta'
	[isEmployee]: Transform not supported - value has modifiers like 'property' or 'meta'
2020-05-21T13:47:25.264Z [warn] [app/mixins/controller-abstractions/add-edit.js]: SKIPPED Could not find runtime data NO_RUNTIME_DATA
2020-05-21T13:47:25.285Z [warn] [app/mixins/controller-abstractions/pagination.js]: SKIPPED Could not find runtime data NO_RUNTIME_DATA
2020-05-21T13:47:25.313Z [warn] [app/mixins/controller-abstractions/delete.js]: SKIPPED Could not find runtime data NO_RUNTIME_DATA
2020-05-21T13:47:25.328Z [warn] [app/mixins/controller-abstractions/resource.js]: SKIPPED Could not find runtime data NO_RUNTIME_DATA
2020-05-21T13:47:25.346Z [warn] [app/mixins/wizard/controller.js]: SKIPPED Could not find runtime data NO_RUNTIME_DATA
2020-05-21T13:47:25.364Z [warn] [app/mixins/route-abstractions/add.js]: SKIPPED Could not find runtime data NO_RUNTIME_DATA
2020-05-21T13:47:25.385Z [warn] [app/mixins/route-abstractions/edit.js]: SKIPPED Could not find runtime data NO_RUNTIME_DATA
2020-05-21T13:47:25.421Z [warn] [app/mixins/wizard/route.js]: SKIPPED Could not find runtime data NO_RUNTIME_DATA
2020-05-21T13:47:25.552Z [warn] [app/mixins/route-abstractions/resource.js]: SKIPPED Could not find runtime data NO_RUNTIME_DATA
2020-05-21T13:47:24.933Z [warn] [app/helpers/add-one.js]: SKIPPED Could not find runtime data NO_RUNTIME_DATA
2020-05-21T13:47:24.964Z [warn] [app/helpers/format-phone.js]: SKIPPED Could not find runtime data NO_RUNTIME_DATA
2020-05-21T13:47:24.978Z [warn] [app/helpers/humanize-key.js]: SKIPPED Could not find runtime data NO_RUNTIME_DATA
2020-05-21T13:47:24.998Z [warn] [app/helpers/inflect-text.js]: SKIPPED Could not find runtime data NO_RUNTIME_DATA
2020-05-21T13:47:25.018Z [warn] [app/helpers/join-array.js]: SKIPPED Could not find runtime data NO_RUNTIME_DATA
2020-05-21T13:47:25.045Z [warn] [app/helpers/long-text.js]: SKIPPED Could not find runtime data NO_RUNTIME_DATA
2020-05-21T13:47:25.064Z [warn] [app/helpers/relative-greeting-time.js]: SKIPPED Could not find runtime data NO_RUNTIME_DATA
2020-05-21T13:47:25.088Z [warn] [app/helpers/mut-select.js]: SKIPPED Could not find runtime data NO_RUNTIME_DATA
2020-05-21T13:47:25.115Z [warn] [app/helpers/time.js]: SKIPPED Could not find runtime data NO_RUNTIME_DATA
2020-05-21T13:47:25.134Z [warn] [app/helpers/x-inc.js]: SKIPPED Could not find runtime data NO_RUNTIME_DATA
2020-05-21T13:47:25.149Z [warn] [app/helpers/to-string.js]: SKIPPED Could not find runtime data NO_RUNTIME_DATA
2020-05-21T13:47:25.165Z [warn] [app/initializers/analytics.js]: SKIPPED Could not find runtime data NO_RUNTIME_DATA
2020-05-21T13:47:25.181Z [warn] [app/instance-initializer/rsvp-error-handler.js]: SKIPPED Could not find runtime data NO_RUNTIME_DATA
2020-05-21T13:47:25.196Z [warn] [app/initializers/auth.js]: SKIPPED Could not find runtime data NO_RUNTIME_DATA
2020-05-21T13:47:25.223Z [warn] [app/initializers/handle-deprecation-warnings.js]: SKIPPED Could not find runtime data NO_RUNTIME_DATA
2020-05-21T13:47:25.310Z [warn] [app/mixins/file-handling.js]: SKIPPED Could not find runtime data NO_RUNTIME_DATA
2020-05-21T13:47:25.333Z [warn] [app/mixins/modal-support.js]: SKIPPED Could not find runtime data NO_RUNTIME_DATA
2020-05-21T13:47:25.392Z [warn] [app/mixins/ajax-status.js]: SKIPPED Could not find runtime data NO_RUNTIME_DATA
2020-05-21T13:47:25.402Z [warn] [app/mixins/refreshable.js]: SKIPPED Could not find runtime data NO_RUNTIME_DATA
2020-05-21T13:47:25.513Z [warn] [app/routes/application.js]: FAILURE 
Validation errors: 
	[error]: Transform not supported - calling the passed action would cause an infinite loop. See https://github.com/scalvert/eslint-plugin-ember-es6-class/pull/2 for more details
2020-05-21T13:47:24.650Z [warn] [app/models/asset-item.js]: FAILURE 
Validation errors: 
	[assetId]: Transform not supported - need option '--decorators=true' or the property type CallExpression can not be transformed
	[assetId]: Transform not supported - value has modifiers like 'property' or 'meta'
2020-05-21T13:47:24.713Z [warn] [app/models/applicant.js]: FAILURE 
Validation errors: 
	[created]: Transform not supported - value is of type object. For more details: eslint-plugin-ember/avoid-leaking-state-in-ember-objects
2020-05-21T13:47:25.336Z [warn] [app/models/event.js]: FAILURE 
Validation errors: 
	[created]: Transform not supported - value is of type object. For more details: eslint-plugin-ember/avoid-leaking-state-in-ember-objects
2020-05-21T13:47:25.476Z [warn] [app/models/job-application.js]: FAILURE 
Validation errors: 
	[isEmployee]: Transform not supported - value has modifiers like 'property' or 'meta'
2020-05-21T13:47:24.493Z [warn] [app/controllers/account/settings/templates/edit.js]: SKIPPED Could not find runtime data NO_RUNTIME_DATA
2020-05-21T13:47:24.636Z [warn] [app/components/display/subscription-banner.js]: SKIPPED Could not find runtime data NO_RUNTIME_DATA
2020-05-21T13:47:24.742Z [warn] [app/components/elements/company-navigation.js]: FAILURE 
Validation errors: 
	[toggle]: Transform not supported - calling the passed action would cause an infinite loop. See https://github.com/scalvert/eslint-plugin-ember-es6-class/pull/2 for more details
	[logout]: Transform not supported - calling the passed action would cause an infinite loop. See https://github.com/scalvert/eslint-plugin-ember-es6-class/pull/2 for more details
2020-05-21T13:47:24.779Z [warn] [app/components/display/version-info.js]: SKIPPED Could not find runtime data NO_RUNTIME_DATA
2020-05-21T13:47:24.826Z [warn] [app/components/display/visual-overflow-table.js]: SKIPPED Could not find runtime data NO_RUNTIME_DATA
2020-05-21T13:47:24.864Z [warn] [app/components/educate/sticky-cart.js]: SKIPPED Could not find runtime data NO_RUNTIME_DATA
2020-05-21T13:47:25.071Z [warn] [app/components/elements/file-uploader.js]: SKIPPED Could not find runtime data NO_RUNTIME_DATA
2020-05-21T13:47:25.123Z [warn] [app/components/elements/x-pagination.js]: SKIPPED Could not find runtime data NO_RUNTIME_DATA
2020-05-21T13:47:25.152Z [warn] [app/components/form/action-button.js]: SKIPPED Could not find runtime data NO_RUNTIME_DATA
2020-05-21T13:47:25.267Z [warn] [app/components/input/comment-box.js]: FAILURE 
Validation errors: 
	[atOptions]: Transform not supported - value is of type object. For more details: eslint-plugin-ember/avoid-leaking-state-in-ember-objects
2020-05-21T13:47:25.288Z [warn] [app/components/form/integration-button.js]: SKIPPED Could not find runtime data NO_RUNTIME_DATA
2020-05-21T13:47:25.305Z [warn] [app/components/input/custom-field.js]: SKIPPED Could not find runtime data NO_RUNTIME_DATA
2020-05-21T13:47:25.329Z [warn] [app/components/input/date-range.js]: SKIPPED Could not find runtime data NO_RUNTIME_DATA
2020-05-21T13:47:25.426Z [warn] [app/components/input/document-selection-modal.js]: SKIPPED Could not find runtime data NO_RUNTIME_DATA
2020-05-21T13:47:25.439Z [warn] [app/components/input/equipment-picker.js]: SKIPPED Could not find runtime data NO_RUNTIME_DATA
2020-05-21T13:47:25.459Z [warn] [app/components/input/rich-text.js]: SKIPPED Could not find runtime data NO_RUNTIME_DATA
2020-05-21T13:47:25.478Z [warn] [app/components/input/search-input.js]: SKIPPED Could not find runtime data NO_RUNTIME_DATA
2020-05-21T13:47:25.516Z [warn] [app/components/input/quick-form-input.js]: SKIPPED Could not find runtime data NO_RUNTIME_DATA
2020-05-21T13:47:25.552Z [warn] [app/components/input/ui-input.js]: SKIPPED Could not find runtime data NO_RUNTIME_DATA
2020-05-21T13:47:25.569Z [warn] [app/components/list-item/action-item.js]: SKIPPED Could not find runtime data NO_RUNTIME_DATA
2020-05-21T13:47:25.620Z [warn] [app/components/list-item/activity-item.js]: SKIPPED Could not find runtime data NO_RUNTIME_DATA
2020-05-21T13:47:25.631Z [warn] [app/components/list-item/applicant-source-select.js]: SKIPPED Could not find runtime data NO_RUNTIME_DATA
2020-05-21T13:47:25.640Z [warn] [app/components/list-item/asset-item.js]: SKIPPED Could not find runtime data NO_RUNTIME_DATA
2020-05-21T13:47:25.674Z [warn] [app/components/list-item/asset-stock-item.js]: SKIPPED Could not find runtime data NO_RUNTIME_DATA
2020-05-21T13:47:25.694Z [warn] [app/components/list-item/assigned-asset-item.js]: SKIPPED Could not find runtime data NO_RUNTIME_DATA
2020-05-21T13:47:25.705Z [warn] [app/components/list-item/comment-item.js]: SKIPPED Could not find runtime data NO_RUNTIME_DATA
2020-05-21T13:47:25.719Z [warn] [app/components/list-item/certification-item.js]: SKIPPED Could not find runtime data NO_RUNTIME_DATA
2020-05-21T13:47:25.730Z [warn] [app/components/list-item/change-item.js]: SKIPPED Could not find runtime data NO_RUNTIME_DATA
2020-05-21T13:47:25.738Z [warn] [app/components/list-item/corrective-action-followup.js]: SKIPPED Could not find runtime data NO_RUNTIME_DATA
2020-05-21T13:47:25.751Z [warn] [app/components/list-item/department-item.js]: SKIPPED Could not find runtime data NO_RUNTIME_DATA
2020-05-21T13:47:25.780Z [warn] [app/components/list-item/document-assignment.js]: SKIPPED Could not find runtime data NO_RUNTIME_DATA
2020-05-21T13:47:25.792Z [warn] [app/components/list-item/document-item.js]: SKIPPED Could not find runtime data NO_RUNTIME_DATA
2020-05-21T13:47:25.800Z [warn] [app/components/list-item/document-option.js]: SKIPPED Could not find runtime data NO_RUNTIME_DATA
2020-05-21T13:47:25.161Z [warn] [app/models/validations/employee.js]: SKIPPED Could not find runtime data NO_RUNTIME_DATA
2020-05-21T13:47:25.175Z [warn] [app/models/validations/file.js]: SKIPPED Could not find runtime data NO_RUNTIME_DATA
2020-05-21T13:47:25.195Z [warn] [app/models/validations/form-element.js]: SKIPPED Could not find runtime data NO_RUNTIME_DATA
2020-05-21T13:47:25.224Z [warn] [app/models/validations/form.js]: SKIPPED Could not find runtime data NO_RUNTIME_DATA
2020-05-21T13:47:25.241Z [warn] [app/models/validations/job.js]: SKIPPED Could not find runtime data NO_RUNTIME_DATA
2020-05-21T13:47:25.279Z [warn] [app/components/display/filter-panes/control.js]: SKIPPED Could not find runtime data NO_RUNTIME_DATA
2020-05-21T13:47:25.349Z [warn] [app/components/display/filter-panes/section.js]: SKIPPED Could not find runtime data NO_RUNTIME_DATA
2020-05-21T13:47:25.517Z [warn] [app/components/list-item/educate/webinar-cart-item.js]: SKIPPED Could not find runtime data NO_RUNTIME_DATA
2020-05-21T13:47:25.550Z [warn] [app/components/tables/import/record-set.js]: SKIPPED Could not find runtime data NO_RUNTIME_DATA
2020-05-21T13:47:25.579Z [warn] [app/components/list-item/educate/webinar-item.js]: SKIPPED Could not find runtime data NO_RUNTIME_DATA
2020-05-21T13:47:25.596Z [warn] [app/core/abstractions/routes/add.js]: SKIPPED Could not find runtime data NO_RUNTIME_DATA
2020-05-21T13:47:25.612Z [warn] [app/core/abstractions/routes/edit.js]: SKIPPED Could not find runtime data NO_RUNTIME_DATA
2020-05-21T13:47:25.621Z [warn] [app/core/abstractions/routes/index.js]: SKIPPED Could not find runtime data NO_RUNTIME_DATA
2020-05-21T13:47:25.649Z [warn] [app/components/tables/import/record-set-record.js]: SKIPPED Could not find runtime data NO_RUNTIME_DATA
2020-05-21T13:47:25.013Z [warn] [app/services/search.js]: FAILURE 
Validation errors: 
	[fields]: Transform not supported - value is of type object. For more details: eslint-plugin-ember/avoid-leaking-state-in-ember-objects
2020-05-21T13:47:25.093Z [warn] [app/services/socket.js]: FAILURE 
Validation errors: 
	[connectedUsers]: Transform not supported - need option '--decorators=true' or the property type CallExpression can not be transformed
2020-05-21T13:47:25.123Z [warn] [app/config/forms/educate-add.js]: SKIPPED Could not find runtime data NO_RUNTIME_DATA
2020-05-21T13:47:25.294Z [warn] [app/config/forms/eeo.js]: SKIPPED Could not find runtime data NO_RUNTIME_DATA
2020-05-21T13:47:25.363Z [warn] [app/config/forms/lists.js]: SKIPPED Could not find runtime data NO_RUNTIME_DATA
2020-05-21T13:47:25.386Z [warn] [app/utils/bubble-action.js]: SKIPPED Could not find runtime data NO_RUNTIME_DATA
2020-05-21T13:47:25.400Z [warn] [app/utils/hex-to-rgb.js]: SKIPPED Could not find runtime data NO_RUNTIME_DATA
2020-05-21T13:47:25.418Z [warn] [app/utils/fade-rgb.js]: SKIPPED Could not find runtime data NO_RUNTIME_DATA
2020-05-21T13:47:25.453Z [warn] [app/utils/expand-serialized-object.js]: SKIPPED Could not find runtime data NO_RUNTIME_DATA
2020-05-21T13:47:25.477Z [warn] [app/utils/humanize-key-name.js]: SKIPPED Could not find runtime data NO_RUNTIME_DATA
2020-05-21T13:47:25.495Z [warn] [app/utils/object-array-is-dirty.js]: SKIPPED Could not find runtime data NO_RUNTIME_DATA
2020-05-21T13:47:25.516Z [warn] [app/utils/mul-rgb.js]: SKIPPED Could not find runtime data NO_RUNTIME_DATA
2020-05-21T13:47:25.535Z [warn] [app/utils/resolve-for-type-key.js]: SKIPPED Could not find runtime data NO_RUNTIME_DATA
2020-05-21T13:47:25.548Z [warn] [app/utils/title-case.js]: SKIPPED Could not find runtime data NO_RUNTIME_DATA
2020-05-21T13:47:25.583Z [warn] [app/utils/serialize-object.js]: SKIPPED Could not find runtime data NO_RUNTIME_DATA
2020-05-21T13:47:25.599Z [warn] [app/utils/uri-for-model.js]: SKIPPED Could not find runtime data NO_RUNTIME_DATA
2020-05-21T13:47:25.639Z [warn] [app/utils/tree.js]: SKIPPED Could not find runtime data NO_RUNTIME_DATA
2020-05-21T13:47:25.658Z [warn] [app/components/card-pipeline/stage-card.js]: SKIPPED Could not find runtime data NO_RUNTIME_DATA
2020-05-21T13:47:25.687Z [warn] [app/components/census/table-cell.js]: SKIPPED Could not find runtime data NO_RUNTIME_DATA
2020-05-21T13:47:25.707Z [warn] [app/components/card-pipeline/stage-column.js]: SKIPPED Could not find runtime data NO_RUNTIME_DATA
2020-05-21T13:47:25.724Z [warn] [app/components/census/dry-run-employee-relationship.js]: SKIPPED Could not find runtime data NO_RUNTIME_DATA
2020-05-21T13:47:25.738Z [warn] [app/components/census/table-row.js]: SKIPPED Could not find runtime data NO_RUNTIME_DATA
2020-05-21T13:47:25.751Z [warn] [app/components/display/filter-pane.js]: SKIPPED Could not find runtime data NO_RUNTIME_DATA
2020-05-21T13:47:25.800Z [warn] [app/components/display/calc-color.js]: SKIPPED Could not find runtime data NO_RUNTIME_DATA
2020-05-21T13:47:25.847Z [warn] [app/components/display/formal-action.js]: FAILURE 
Validation errors: 
	class has chained definition (e.g. EmberObject.extend().reopenClass();
2020-05-21T13:47:25.862Z [warn] [app/components/display/employee-picture.js]: SKIPPED Could not find runtime data NO_RUNTIME_DATA
2020-05-21T13:47:25.871Z [warn] [app/components/display/preview-browser.js]: SKIPPED Could not find runtime data NO_RUNTIME_DATA
2020-05-21T13:47:25.879Z [warn] [app/components/display/issue-documents.js]: SKIPPED Could not find runtime data NO_RUNTIME_DATA
2020-05-21T13:47:25.904Z [warn] [app/components/display/icon-for-file.js]: SKIPPED Could not find runtime data NO_RUNTIME_DATA
2020-05-21T13:47:25.916Z [warn] [app/components/display/priority-label.js]: SKIPPED Could not find runtime data NO_RUNTIME_DATA
2020-05-21T13:47:25.068Z [warn] [app/transitions.js]: SKIPPED Could not find runtime data NO_RUNTIME_DATA
2020-05-21T13:47:25.103Z [warn] [app/config/breadcrumb.js]: SKIPPED Could not find runtime data NO_RUNTIME_DATA
2020-05-21T13:47:25.132Z [warn] [app/config/mime-types.js]: SKIPPED Could not find runtime data NO_RUNTIME_DATA
2020-05-21T13:47:25.186Z [warn] [app/config/help.js]: SKIPPED Could not find runtime data NO_RUNTIME_DATA
2020-05-21T13:47:25.303Z [warn] [app/config/statics.js]: SKIPPED Could not find runtime data NO_RUNTIME_DATA
2020-05-21T13:47:25.322Z [warn] [app/config/suggestions.js]: SKIPPED Could not find runtime data NO_RUNTIME_DATA
2020-05-21T13:47:25.401Z [warn] [app/components/confirm-modal.js]: SKIPPED Could not find runtime data NO_RUNTIME_DATA
2020-05-21T13:47:25.480Z [warn] [app/components/diff-value-translator.js]: FAILURE 
Validation errors: 
	[displayMap]: Transform not supported - value is of type object. For more details: eslint-plugin-ember/avoid-leaking-state-in-ember-objects
	[isRelationship]: Transform not supported - value has modifiers like 'property' or 'meta'
2020-05-21T13:47:25.517Z [warn] [app/components/card-pipeline.js]: SKIPPED Could not find runtime data NO_RUNTIME_DATA
2020-05-21T13:47:25.534Z [warn] [app/components/quick-form.js]: SKIPPED Could not find runtime data NO_RUNTIME_DATA
2020-05-21T13:47:25.593Z [warn] [app/components/custom-label.js]: SKIPPED Could not find runtime data NO_RUNTIME_DATA
2020-05-21T13:47:25.789Z [info] [app/components/intro-js.js]: SUCCESS
2020-05-21T13:47:25.996Z [warn] [app/components/validated-input.js]: SKIPPED Could not find runtime data NO_RUNTIME_DATA
2020-05-21T13:47:26.006Z [warn] [app/components/x-tree-branch.js]: SKIPPED Could not find runtime data NO_RUNTIME_DATA
2020-05-21T13:47:26.024Z [warn] [app/components/x-tree-children.js]: SKIPPED Could not find runtime data NO_RUNTIME_DATA
2020-05-21T13:47:26.041Z [warn] [app/core/element-id.js]: SKIPPED Could not find runtime data NO_RUNTIME_DATA
2020-05-21T13:47:26.069Z [warn] [app/components/x-tree-node.js]: SKIPPED Could not find runtime data NO_RUNTIME_DATA
2020-05-21T13:47:26.122Z [warn] [app/core/file-handler.js]: SKIPPED Could not find runtime data NO_RUNTIME_DATA
2020-05-21T13:47:26.135Z [warn] [app/components/x-tree.js]: SKIPPED Could not find runtime data NO_RUNTIME_DATA
2020-05-21T13:47:26.151Z [warn] [app/core/modal-support.js]: SKIPPED Could not find runtime data NO_RUNTIME_DATA
2020-05-21T13:47:26.183Z [warn] [app/core/wizard.js]: SKIPPED Could not find runtime data NO_RUNTIME_DATA
2020-05-21T13:47:26.200Z [warn] [app/controllers/account.js]: FAILURE 
Validation errors: 
	[currentPath]: Transform not supported - need option '--decorators=true' or the property type CallExpression can not be transformed
	[currentPath]: Transform not supported - value has modifiers like 'property' or 'meta'
2020-05-21T13:47:26.219Z [warn] [app/core/index.js]: SKIPPED Could not find runtime data NO_RUNTIME_DATA
2020-05-21T13:47:26.328Z [warn] [app/controllers/application.js]: FAILURE 
Validation errors: 
	[navTransparent]: Transform not supported - value has modifiers like 'property' or 'meta'
